2026-04-28 11:23:00 - [32minfo[39m: Reading configs from D:\CODES\Avotech-Regression-TestSuite\browserstack.yaml
2026-04-28 11:23:00 - [32minfo[39m: Log Directory has been set to D:\CODES\Avotech-Regression-TestSuite\log
2026-04-28 11:23:00 - [32minfo[39m: Log Directory has been set to D:\CODES\Avotech-Regression-TestSuite\log
2026-04-28 11:23:00 - [32minfo[39m: Running SDK with args C:\Program Files\nodejs\node.exe D:\CODES\Avotech-Regression-TestSuite\node_modules\browserstack-node-sdk\src\bin\runner.js playwright test
2026-04-28 11:23:00 - [32minfo[39m: SDK run started with id: 978b2c8a-faf6-4bc2-8eba-21b1fbd81fa0
2026-04-28 11:23:00 - [31merror[39m: Error: userName or accessKey is not defined
    at BrowserStackSetup.preInitialize (D:\CODES\Avotech-Regression-TestSuite\node_modules\browserstack-node-sdk\src\helpers\BrowserStackSetup.js:1:10431)
    at BrowserStackSetup.initialize (D:\CODES\Avotech-Regression-TestSuite\node_modules\browserstack-node-sdk\src\helpers\BrowserStackSetup.js:1:14242)
    at D:\CODES\Avotech-Regression-TestSuite\node_modules\browserstack-node-sdk\src\bin\playwright\command.js:2:13106
    at PerformanceTester.measure (D:\CODES\Avotech-Regression-TestSuite\node_modules\browserstack-node-sdk\src\helpers\performance\performance-tester.js:1:12063)
    at D:\CODES\Avotech-Regression-TestSuite\node_modules\browserstack-node-sdk\src\helpers\performance\performance-tester.js:1:13664
    at run (D:\CODES\Avotech-Regression-TestSuite\node_modules\browserstack-node-sdk\src\bin\playwright\command.js:2:20942)
    at Object.MUypb (D:\CODES\Avotech-Regression-TestSuite\node_modules\browserstack-node-sdk\src\bin\runner.js:2:1833)
    at captureError (D:\CODES\Avotech-Regression-TestSuite\node_modules\browserstack-node-sdk\src\bin\runner.js:2:2030)
    at Object.PVhNp (D:\CODES\Avotech-Regression-TestSuite\node_modules\browserstack-node-sdk\src\bin\runner.js:2:12613)
    at D:\CODES\Avotech-Regression-TestSuite\node_modules\browserstack-node-sdk\src\bin\runner.js:2:13174
2026-04-28 11:23:00 - [32minfo[39m: Running SDK with args C:\Program Files\nodejs\node.exe D:\CODES\Avotech-Regression-TestSuite\node_modules\browserstack-node-sdk\src\bin\runner.js playwright test
2026-04-28 11:23:00 - [32minfo[39m: SDK run started with id: 978b2c8a-faf6-4bc2-8eba-21b1fbd81fa0
2026-04-28 11:23:00 - [31merror[39m: Error: userName or accessKey is not defined
    at BrowserStackSetup.preInitialize (D:\CODES\Avotech-Regression-TestSuite\node_modules\browserstack-node-sdk\src\helpers\BrowserStackSetup.js:1:10431)
    at BrowserStackSetup.initialize (D:\CODES\Avotech-Regression-TestSuite\node_modules\browserstack-node-sdk\src\helpers\BrowserStackSetup.js:1:14242)
    at D:\CODES\Avotech-Regression-TestSuite\node_modules\browserstack-node-sdk\src\bin\playwright\command.js:2:13106
    at PerformanceTester.measure (D:\CODES\Avotech-Regression-TestSuite\node_modules\browserstack-node-sdk\src\helpers\performance\performance-tester.js:1:12063)
    at D:\CODES\Avotech-Regression-TestSuite\node_modules\browserstack-node-sdk\src\helpers\performance\performance-tester.js:1:13664
    at run (D:\CODES\Avotech-Regression-TestSuite\node_modules\browserstack-node-sdk\src\bin\playwright\command.js:2:20942)
    at Object.MUypb (D:\CODES\Avotech-Regression-TestSuite\node_modules\browserstack-node-sdk\src\bin\runner.js:2:1833)
    at captureError (D:\CODES\Avotech-Regression-TestSuite\node_modules\browserstack-node-sdk\src\bin\runner.js:2:2030)
    at Object.PVhNp (D:\CODES\Avotech-Regression-TestSuite\node_modules\browserstack-node-sdk\src\bin\runner.js:2:12613)
    at D:\CODES\Avotech-Regression-TestSuite\node_modules\browserstack-node-sdk\src\bin\runner.js:2:13174
2026-04-28 11:23:52 - [32minfo[39m: Reading configs from D:\CODES\Avotech-Regression-TestSuite\browserstack.yaml
2026-04-28 11:23:52 - [32minfo[39m: Log Directory has been set to D:\CODES\Avotech-Regression-TestSuite\log
2026-04-28 11:23:52 - [32minfo[39m: Log Directory has been set to D:\CODES\Avotech-Regression-TestSuite\log
2026-04-28 11:23:52 - [32minfo[39m: Running SDK with args C:\Program Files\nodejs\node.exe D:\CODES\Avotech-Regression-TestSuite\node_modules\browserstack-node-sdk\src\bin\runner.js playwright test
2026-04-28 11:23:52 - [32minfo[39m: SDK run started with id: 1c67f99f-daa6-4904-843a-54a467d719e6
2026-04-28 11:23:52 - [31merror[39m: Error: userName or accessKey is not defined
    at BrowserStackSetup.preInitialize (D:\CODES\Avotech-Regression-TestSuite\node_modules\browserstack-node-sdk\src\helpers\BrowserStackSetup.js:1:10431)
    at BrowserStackSetup.initialize (D:\CODES\Avotech-Regression-TestSuite\node_modules\browserstack-node-sdk\src\helpers\BrowserStackSetup.js:1:14242)
    at D:\CODES\Avotech-Regression-TestSuite\node_modules\browserstack-node-sdk\src\bin\playwright\command.js:2:13106
    at PerformanceTester.measure (D:\CODES\Avotech-Regression-TestSuite\node_modules\browserstack-node-sdk\src\helpers\performance\performance-tester.js:1:12063)
    at D:\CODES\Avotech-Regression-TestSuite\node_modules\browserstack-node-sdk\src\helpers\performance\performance-tester.js:1:13664
    at run (D:\CODES\Avotech-Regression-TestSuite\node_modules\browserstack-node-sdk\src\bin\playwright\command.js:2:20942)
    at Object.MUypb (D:\CODES\Avotech-Regression-TestSuite\node_modules\browserstack-node-sdk\src\bin\runner.js:2:1833)
    at captureError (D:\CODES\Avotech-Regression-TestSuite\node_modules\browserstack-node-sdk\src\bin\runner.js:2:2030)
    at Object.PVhNp (D:\CODES\Avotech-Regression-TestSuite\node_modules\browserstack-node-sdk\src\bin\runner.js:2:12613)
    at D:\CODES\Avotech-Regression-TestSuite\node_modules\browserstack-node-sdk\src\bin\runner.js:2:13174
2026-04-28 11:23:52 - [32minfo[39m: Running SDK with args C:\Program Files\nodejs\node.exe D:\CODES\Avotech-Regression-TestSuite\node_modules\browserstack-node-sdk\src\bin\runner.js playwright test
2026-04-28 11:23:52 - [32minfo[39m: SDK run started with id: 1c67f99f-daa6-4904-843a-54a467d719e6
2026-04-28 11:23:52 - [31merror[39m: Error: userName or accessKey is not defined
    at BrowserStackSetup.preInitialize (D:\CODES\Avotech-Regression-TestSuite\node_modules\browserstack-node-sdk\src\helpers\BrowserStackSetup.js:1:10431)
    at BrowserStackSetup.initialize (D:\CODES\Avotech-Regression-TestSuite\node_modules\browserstack-node-sdk\src\helpers\BrowserStackSetup.js:1:14242)
    at D:\CODES\Avotech-Regression-TestSuite\node_modules\browserstack-node-sdk\src\bin\playwright\command.js:2:13106
    at PerformanceTester.measure (D:\CODES\Avotech-Regression-TestSuite\node_modules\browserstack-node-sdk\src\helpers\performance\performance-tester.js:1:12063)
    at D:\CODES\Avotech-Regression-TestSuite\node_modules\browserstack-node-sdk\src\helpers\performance\performance-tester.js:1:13664
    at run (D:\CODES\Avotech-Regression-TestSuite\node_modules\browserstack-node-sdk\src\bin\playwright\command.js:2:20942)
    at Object.MUypb (D:\CODES\Avotech-Regression-TestSuite\node_modules\browserstack-node-sdk\src\bin\runner.js:2:1833)
    at captureError (D:\CODES\Avotech-Regression-TestSuite\node_modules\browserstack-node-sdk\src\bin\runner.js:2:2030)
    at Object.PVhNp (D:\CODES\Avotech-Regression-TestSuite\node_modules\browserstack-node-sdk\src\bin\runner.js:2:12613)
    at D:\CODES\Avotech-Regression-TestSuite\node_modules\browserstack-node-sdk\src\bin\runner.js:2:13174
2026-04-28 11:24:51 - [32minfo[39m: Reading configs from D:\CODES\Avotech-Regression-TestSuite\browserstack.yaml
2026-04-28 11:24:51 - [32minfo[39m: Log Directory has been set to D:\CODES\Avotech-Regression-TestSuite\log
2026-04-28 11:24:51 - [32minfo[39m: Log Directory has been set to D:\CODES\Avotech-Regression-TestSuite\log
2026-04-28 11:24:51 - [32minfo[39m: Running SDK with args C:\Program Files\nodejs\node.exe D:\CODES\Avotech-Regression-TestSuite\node_modules\browserstack-node-sdk\src\bin\runner.js playwright test
2026-04-28 11:24:51 - [32minfo[39m: SDK run started with id: f9bdd335-67e0-4c24-b5f5-3686fb95b0ab
2026-04-28 11:24:51 - [31merror[39m: Error: userName or accessKey is not defined
    at BrowserStackSetup.preInitialize (D:\CODES\Avotech-Regression-TestSuite\node_modules\browserstack-node-sdk\src\helpers\BrowserStackSetup.js:1:10431)
    at BrowserStackSetup.initialize (D:\CODES\Avotech-Regression-TestSuite\node_modules\browserstack-node-sdk\src\helpers\BrowserStackSetup.js:1:14242)
    at D:\CODES\Avotech-Regression-TestSuite\node_modules\browserstack-node-sdk\src\bin\playwright\command.js:2:13106
    at PerformanceTester.measure (D:\CODES\Avotech-Regression-TestSuite\node_modules\browserstack-node-sdk\src\helpers\performance\performance-tester.js:1:12063)
    at D:\CODES\Avotech-Regression-TestSuite\node_modules\browserstack-node-sdk\src\helpers\performance\performance-tester.js:1:13664
    at run (D:\CODES\Avotech-Regression-TestSuite\node_modules\browserstack-node-sdk\src\bin\playwright\command.js:2:20942)
    at Object.MUypb (D:\CODES\Avotech-Regression-TestSuite\node_modules\browserstack-node-sdk\src\bin\runner.js:2:1833)
    at captureError (D:\CODES\Avotech-Regression-TestSuite\node_modules\browserstack-node-sdk\src\bin\runner.js:2:2030)
    at Object.PVhNp (D:\CODES\Avotech-Regression-TestSuite\node_modules\browserstack-node-sdk\src\bin\runner.js:2:12613)
    at D:\CODES\Avotech-Regression-TestSuite\node_modules\browserstack-node-sdk\src\bin\runner.js:2:13174
2026-04-28 11:24:51 - [32minfo[39m: Running SDK with args C:\Program Files\nodejs\node.exe D:\CODES\Avotech-Regression-TestSuite\node_modules\browserstack-node-sdk\src\bin\runner.js playwright test
2026-04-28 11:24:51 - [32minfo[39m: SDK run started with id: f9bdd335-67e0-4c24-b5f5-3686fb95b0ab
2026-04-28 11:24:51 - [31merror[39m: Error: userName or accessKey is not defined
    at BrowserStackSetup.preInitialize (D:\CODES\Avotech-Regression-TestSuite\node_modules\browserstack-node-sdk\src\helpers\BrowserStackSetup.js:1:10431)
    at BrowserStackSetup.initialize (D:\CODES\Avotech-Regression-TestSuite\node_modules\browserstack-node-sdk\src\helpers\BrowserStackSetup.js:1:14242)
    at D:\CODES\Avotech-Regression-TestSuite\node_modules\browserstack-node-sdk\src\bin\playwright\command.js:2:13106
    at PerformanceTester.measure (D:\CODES\Avotech-Regression-TestSuite\node_modules\browserstack-node-sdk\src\helpers\performance\performance-tester.js:1:12063)
    at D:\CODES\Avotech-Regression-TestSuite\node_modules\browserstack-node-sdk\src\helpers\performance\performance-tester.js:1:13664
    at run (D:\CODES\Avotech-Regression-TestSuite\node_modules\browserstack-node-sdk\src\bin\playwright\command.js:2:20942)
    at Object.MUypb (D:\CODES\Avotech-Regression-TestSuite\node_modules\browserstack-node-sdk\src\bin\runner.js:2:1833)
    at captureError (D:\CODES\Avotech-Regression-TestSuite\node_modules\browserstack-node-sdk\src\bin\runner.js:2:2030)
    at Object.PVhNp (D:\CODES\Avotech-Regression-TestSuite\node_modules\browserstack-node-sdk\src\bin\runner.js:2:12613)
    at D:\CODES\Avotech-Regression-TestSuite\node_modules\browserstack-node-sdk\src\bin\runner.js:2:13174
2026-04-28 11:25:07 - [32minfo[39m: Reading configs from D:\CODES\Avotech-Regression-TestSuite\browserstack.yaml
2026-04-28 11:25:07 - [32minfo[39m: Log Directory has been set to D:\CODES\Avotech-Regression-TestSuite\log
2026-04-28 11:25:07 - [32minfo[39m: Log Directory has been set to D:\CODES\Avotech-Regression-TestSuite\log
2026-04-28 11:25:07 - [32minfo[39m: Running SDK with args C:\Program Files\nodejs\node.exe D:\CODES\Avotech-Regression-TestSuite\node_modules\browserstack-node-sdk\src\bin\runner.js playwright test
2026-04-28 11:25:07 - [32minfo[39m: SDK run started with id: c7b754e1-5165-4f70-9d06-31f0ede0fdcb
2026-04-28 11:25:07 - [31merror[39m: Error: userName or accessKey is not defined
    at BrowserStackSetup.preInitialize (D:\CODES\Avotech-Regression-TestSuite\node_modules\browserstack-node-sdk\src\helpers\BrowserStackSetup.js:1:10431)
    at BrowserStackSetup.initialize (D:\CODES\Avotech-Regression-TestSuite\node_modules\browserstack-node-sdk\src\helpers\BrowserStackSetup.js:1:14242)
    at D:\CODES\Avotech-Regression-TestSuite\node_modules\browserstack-node-sdk\src\bin\playwright\command.js:2:13106
    at PerformanceTester.measure (D:\CODES\Avotech-Regression-TestSuite\node_modules\browserstack-node-sdk\src\helpers\performance\performance-tester.js:1:12063)
    at D:\CODES\Avotech-Regression-TestSuite\node_modules\browserstack-node-sdk\src\helpers\performance\performance-tester.js:1:13664
    at run (D:\CODES\Avotech-Regression-TestSuite\node_modules\browserstack-node-sdk\src\bin\playwright\command.js:2:20942)
    at Object.MUypb (D:\CODES\Avotech-Regression-TestSuite\node_modules\browserstack-node-sdk\src\bin\runner.js:2:1833)
    at captureError (D:\CODES\Avotech-Regression-TestSuite\node_modules\browserstack-node-sdk\src\bin\runner.js:2:2030)
    at Object.PVhNp (D:\CODES\Avotech-Regression-TestSuite\node_modules\browserstack-node-sdk\src\bin\runner.js:2:12613)
    at D:\CODES\Avotech-Regression-TestSuite\node_modules\browserstack-node-sdk\src\bin\runner.js:2:13174
2026-04-28 11:25:07 - [32minfo[39m: Running SDK with args C:\Program Files\nodejs\node.exe D:\CODES\Avotech-Regression-TestSuite\node_modules\browserstack-node-sdk\src\bin\runner.js playwright test
2026-04-28 11:25:07 - [32minfo[39m: SDK run started with id: c7b754e1-5165-4f70-9d06-31f0ede0fdcb
2026-04-28 11:25:07 - [31merror[39m: Error: userName or accessKey is not defined
    at BrowserStackSetup.preInitialize (D:\CODES\Avotech-Regression-TestSuite\node_modules\browserstack-node-sdk\src\helpers\BrowserStackSetup.js:1:10431)
    at BrowserStackSetup.initialize (D:\CODES\Avotech-Regression-TestSuite\node_modules\browserstack-node-sdk\src\helpers\BrowserStackSetup.js:1:14242)
    at D:\CODES\Avotech-Regression-TestSuite\node_modules\browserstack-node-sdk\src\bin\playwright\command.js:2:13106
    at PerformanceTester.measure (D:\CODES\Avotech-Regression-TestSuite\node_modules\browserstack-node-sdk\src\helpers\performance\performance-tester.js:1:12063)
    at D:\CODES\Avotech-Regression-TestSuite\node_modules\browserstack-node-sdk\src\helpers\performance\performance-tester.js:1:13664
    at run (D:\CODES\Avotech-Regression-TestSuite\node_modules\browserstack-node-sdk\src\bin\playwright\command.js:2:20942)
    at Object.MUypb (D:\CODES\Avotech-Regression-TestSuite\node_modules\browserstack-node-sdk\src\bin\runner.js:2:1833)
    at captureError (D:\CODES\Avotech-Regression-TestSuite\node_modules\browserstack-node-sdk\src\bin\runner.js:2:2030)
    at Object.PVhNp (D:\CODES\Avotech-Regression-TestSuite\node_modules\browserstack-node-sdk\src\bin\runner.js:2:12613)
    at D:\CODES\Avotech-Regression-TestSuite\node_modules\browserstack-node-sdk\src\bin\runner.js:2:13174
2026-04-28 11:26:14 - [32minfo[39m: Reading configs from D:\CODES\Avotech-Regression-TestSuite\browserstack.yaml
2026-04-28 11:26:14 - [32minfo[39m: Log Directory has been set to D:\CODES\Avotech-Regression-TestSuite\log
2026-04-28 11:26:14 - [32minfo[39m: Log Directory has been set to D:\CODES\Avotech-Regression-TestSuite\log
2026-04-28 11:26:14 - [32minfo[39m: Running SDK with args C:\Program Files\nodejs\node.exe D:\CODES\Avotech-Regression-TestSuite\node_modules\browserstack-node-sdk\src\bin\runner.js playwright test
2026-04-28 11:26:14 - [32minfo[39m: SDK run started with id: 84593223-f59f-4471-91b1-57538a2b055b
2026-04-28 11:26:14 - [32minfo[39m: Project and debug logs are captured by default. To disable, set disableAutoCaptureLogs: true in config.
2026-04-28 11:26:33 - [32minfo[39m: Local binary started successfully
2026-04-28 11:26:14 - [32minfo[39m: Running SDK with args C:\Program Files\nodejs\node.exe D:\CODES\Avotech-Regression-TestSuite\node_modules\browserstack-node-sdk\src\bin\runner.js playwright test
2026-04-28 11:26:14 - [32minfo[39m: SDK run started with id: 84593223-f59f-4471-91b1-57538a2b055b
2026-04-28 11:26:14 - [32minfo[39m: Project and debug logs are captured by default. To disable, set disableAutoCaptureLogs: true in config.
2026-04-28 11:26:33 - [32minfo[39m: Local binary started successfully
2026-04-28 11:26:36 - [32minfo[39m: [BrowserstackCLI] startMain: Starting main process
2026-04-28 11:26:36 - [32minfo[39m: [BrowserstackCLI] startMain: Starting main process
2026-04-28 11:26:36 - [32minfo[39m: [CLIUtils] Current CLI Path Found: 
2026-04-28 11:26:36 - [32minfo[39m: [CLIUtils] Current CLI Path Found: 
2026-04-28 11:26:44 - [32minfo[39m: [BrowserstackCLI] spawning command='C:\Users\giver\.browserstack\cli\binary-win-x64.exe,sdk'
2026-04-28 11:26:44 - [32minfo[39m: [BrowserstackCLI] spawning command='C:\Users\giver\.browserstack\cli\binary-win-x64.exe,sdk'
2026-04-28 11:26:47 - [32minfo[39m: [BrowserstackCLI] CLI params loaded: {"id":"255711c5-3cc4-486a-b55c-fc8857853bed","listen":"127.0.0.1:5400","port":"5400"}
2026-04-28 11:26:47 - [32minfo[39m: [BrowserstackCLI] CLI params loaded: {"id":"255711c5-3cc4-486a-b55c-fc8857853bed","listen":"127.0.0.1:5400","port":"5400"}
2026-04-28 11:26:47 - [32minfo[39m: [GrpcClient] Connected to gRPC server at 127.0.0.1:5400
2026-04-28 11:26:47 - [32minfo[39m: [GrpcClient] Initialized gRPC client with bin session id: 255711c5-3cc4-486a-b55c-fc8857853bed and listen address: 127.0.0.1:5400
2026-04-28 11:26:47 - [32minfo[39m: [GrpcClient] startBinSession: Calling startBinSession
2026-04-28 11:26:47 - [32minfo[39m: [GrpcClient] setCliArgs: cliArgs=["playwright","test"], parsedConfig=[]
2026-04-28 11:26:47 - [32minfo[39m: [GrpcClient] Connected to gRPC server at 127.0.0.1:5400
2026-04-28 11:26:47 - [32minfo[39m: [GrpcClient] Initialized gRPC client with bin session id: 255711c5-3cc4-486a-b55c-fc8857853bed and listen address: 127.0.0.1:5400
2026-04-28 11:26:47 - [32minfo[39m: [GrpcClient] startBinSession: Calling startBinSession
2026-04-28 11:26:47 - [32minfo[39m: [GrpcClient] setCliArgs: cliArgs=["playwright","test"], parsedConfig=[]
2026-04-28 11:26:51 - [31merror[39m: [BrowserstackCLI] CLI stderr: Exiting with code 1 due to uncaught exception [Error: EBUSY: resource busy or locked, open 'C:\Users\giver\.browserstack\BrowserStackLocal.exe'] {
  errno: -4082,
  code: 'EBUSY',
  syscall: 'open',
  path: 'C:\\Users\\giver\\.browserstack\\BrowserStackLocal.exe'
}
2026-04-28 11:26:51 - [31merror[39m: [BrowserstackCLI] CLI stderr: Exiting with code 1 due to uncaught exception [Error: EBUSY: resource busy or locked, open 'C:\Users\giver\.browserstack\BrowserStackLocal.exe'] {
  errno: -4082,
  code: 'EBUSY',
  syscall: 'open',
  path: 'C:\\Users\\giver\\.browserstack\\BrowserStackLocal.exe'
}
2026-04-28 11:26:52 - [31merror[39m: [GrpcClient] StartBinSession error: 14 UNAVAILABLE: read ECONNRESET
2026-04-28 11:26:52 - [31merror[39m: [GrpcClient] StartBinSession error: 14 UNAVAILABLE: read ECONNRESET
2026-04-28 11:26:52 - [31merror[39m: [BrowserstackCLI] bootstrap: failed to bootstrap=Error: 14 UNAVAILABLE: read ECONNRESET
    at callErrorFromStatus (D:\CODES\Avotech-Regression-TestSuite\node_modules\@grpc\grpc-js\build\src\call.js:32:19)
    at Object.onReceiveStatus (D:\CODES\Avotech-Regression-TestSuite\node_modules\@grpc\grpc-js\build\src\client.js:193:76)
    at Object.onReceiveStatus (D:\CODES\Avotech-Regression-TestSuite\node_modules\@grpc\grpc-js\build\src\client-interceptors.js:367:141)
    at Object.onReceiveStatus (D:\CODES\Avotech-Regression-TestSuite\node_modules\@grpc\grpc-js\build\src\client-interceptors.js:327:181)
    at D:\CODES\Avotech-Regression-TestSuite\node_modules\@grpc\grpc-js\build\src\resolving-call.js:135:78
    at process.processTicksAndRejections (node:internal/process/task_queues:85:11)
for call at
    at ServiceClientImpl.makeUnaryRequest (D:\CODES\Avotech-Regression-TestSuite\node_modules\@grpc\grpc-js\build\src\client.js:161:32)
    at ServiceClientImpl.startBinSession (D:\CODES\Avotech-Regression-TestSuite\node_modules\@grpc\grpc-js\build\src\make-client.js:105:19)
    at D:\CODES\Avotech-Regression-TestSuite\node_modules\browserstack-node-sdk\src\bin\v2\grpcClient.js:1:11720
    at new Promise (<anonymous>)
    at GrpcClient.startBinSession (D:\CODES\Avotech-Regression-TestSuite\node_modules\browserstack-node-sdk\src\bin\v2\grpcClient.js:1:11618)
    at BrowserstackCLI.startMain (D:\CODES\Avotech-Regression-TestSuite\node_modules\browserstack-node-sdk\src\bin\v2\browserstackCLI.js:1:8713)
    at process.processTicksAndRejections (node:internal/process/task_queues:104:5)
    at async BrowserstackCLI.bootstrap (D:\CODES\Avotech-Regression-TestSuite\node_modules\browserstack-node-sdk\src\bin\v2\browserstackCLI.js:1:7997)
    at async D:\CODES\Avotech-Regression-TestSuite\node_modules\browserstack-node-sdk\src\bin\playwright\command.js:2:13334
2026-04-28 11:26:52 - [31merror[39m: [BrowserstackCLI] bootstrap: failed to bootstrap=Error: 14 UNAVAILABLE: read ECONNRESET
    at callErrorFromStatus (D:\CODES\Avotech-Regression-TestSuite\node_modules\@grpc\grpc-js\build\src\call.js:32:19)
    at Object.onReceiveStatus (D:\CODES\Avotech-Regression-TestSuite\node_modules\@grpc\grpc-js\build\src\client.js:193:76)
    at Object.onReceiveStatus (D:\CODES\Avotech-Regression-TestSuite\node_modules\@grpc\grpc-js\build\src\client-interceptors.js:367:141)
    at Object.onReceiveStatus (D:\CODES\Avotech-Regression-TestSuite\node_modules\@grpc\grpc-js\build\src\client-interceptors.js:327:181)
    at D:\CODES\Avotech-Regression-TestSuite\node_modules\@grpc\grpc-js\build\src\resolving-call.js:135:78
    at process.processTicksAndRejections (node:internal/process/task_queues:85:11)
for call at
    at ServiceClientImpl.makeUnaryRequest (D:\CODES\Avotech-Regression-TestSuite\node_modules\@grpc\grpc-js\build\src\client.js:161:32)
    at ServiceClientImpl.startBinSession (D:\CODES\Avotech-Regression-TestSuite\node_modules\@grpc\grpc-js\build\src\make-client.js:105:19)
    at D:\CODES\Avotech-Regression-TestSuite\node_modules\browserstack-node-sdk\src\bin\v2\grpcClient.js:1:11720
    at new Promise (<anonymous>)
    at GrpcClient.startBinSession (D:\CODES\Avotech-Regression-TestSuite\node_modules\browserstack-node-sdk\src\bin\v2\grpcClient.js:1:11618)
    at BrowserstackCLI.startMain (D:\CODES\Avotech-Regression-TestSuite\node_modules\browserstack-node-sdk\src\bin\v2\browserstackCLI.js:1:8713)
    at process.processTicksAndRejections (node:internal/process/task_queues:104:5)
    at async BrowserstackCLI.bootstrap (D:\CODES\Avotech-Regression-TestSuite\node_modules\browserstack-node-sdk\src\bin\v2\browserstackCLI.js:1:7997)
    at async D:\CODES\Avotech-Regression-TestSuite\node_modules\browserstack-node-sdk\src\bin\playwright\command.js:2:13334
2026-04-28 11:26:52 - [32minfo[39m: [BrowserstackCLI] stop: CLI is not running, skipping stop
2026-04-28 11:26:52 - [32minfo[39m: [BrowserstackCLI] stop: CLI is not running, skipping stop
2026-04-28 11:26:54 - [31merror[39m: ACCESSIBILITY Build creation failed
2026-04-28 11:26:54 - [31merror[39m: ACCESSIBILITY Build creation failed
2026-04-28 11:26:54 - [32minfo[39m: Testhub started with id: 35gnuhk5fznnigdubhcvjoh2bxzucowqpyzlptko
2026-04-28 11:26:54 - [32minfo[39m: Testhub started with id: 35gnuhk5fznnigdubhcvjoh2bxzucowqpyzlptko
2026-04-28 11:26:57 - [32minfo[39m: [BrowserstackCLI] Starting as child process with session ID: 255711c5-3cc4-486a-b55c-fc8857853bed
2026-04-28 11:26:57 - [32minfo[39m: [GrpcClient] Connected to gRPC server at 127.0.0.1:5400
2026-04-28 11:26:57 - [32minfo[39m: [GrpcClient] Connecting bin session
2026-04-28 11:26:57 - [31merror[39m: [GrpcClient] ConnectBinSession error: 14 UNAVAILABLE: No connection established. Last error: Error: connect ECONNREFUSED 127.0.0.1:5400. Resolution note: 
2026-04-28 11:26:57 - [31merror[39m: [GrpcClient] Error in connectBinSession: Error: 14 UNAVAILABLE: No connection established. Last error: Error: connect ECONNREFUSED 127.0.0.1:5400. Resolution note: 
    at callErrorFromStatus (D:\CODES\Avotech-Regression-TestSuite\node_modules\@grpc\grpc-js\src\call.ts:84:17)
    at Object.onReceiveStatus (D:\CODES\Avotech-Regression-TestSuite\node_modules\@grpc\grpc-js\src\client.ts:360:55)
    at Object.onReceiveStatus (D:\CODES\Avotech-Regression-TestSuite\node_modules\@grpc\grpc-js\src\client-interceptors.ts:466:34)
    at Object.onReceiveStatus (D:\CODES\Avotech-Regression-TestSuite\node_modules\@grpc\grpc-js\src\client-interceptors.ts:424:48)
    at D:\CODES\Avotech-Regression-TestSuite\node_modules\@grpc\grpc-js\src\resolving-call.ts:170:24
    at processTicksAndRejections (node:internal/process/task_queues:85:11)
for call at
    at ServiceClientImpl.makeUnaryRequest (D:\CODES\Avotech-Regression-TestSuite\node_modules\@grpc\grpc-js\src\client.ts:325:42)
    at ServiceClientImpl.connectBinSession (D:\CODES\Avotech-Regression-TestSuite\node_modules\@grpc\grpc-js\src\make-client.ts:189:15)
    at _0xcc7d46 (D:\CODES\Avotech-Regression-TestSuite\node_modules\browserstack-node-sdk\src\bin\v2\grpcClient.js:1:13224)
    at new Promise (<anonymous>)
    at GrpcClient.connectBinSession (D:\CODES\Avotech-Regression-TestSuite\node_modules\browserstack-node-sdk\src\bin\v2\grpcClient.js:1:13122)
    at BrowserstackCLI.startChild (D:\CODES\Avotech-Regression-TestSuite\node_modules\browserstack-node-sdk\src\bin\v2\browserstackCLI.js:1:20593)
    at BrowserstackCLI.bootstrap (D:\CODES\Avotech-Regression-TestSuite\node_modules\browserstack-node-sdk\src\bin\v2\browserstackCLI.js:1:7905)
    at Object._modifyPlaywright (D:\CODES\Avotech-Regression-TestSuite\node_modules\browserstack-node-sdk\src\bin\playwright\modifyPlaywrightConf.js:1:21681)
    at Object.<anonymous> (D:\CODES\Avotech-Regression-TestSuite\playwright-browserstack-sdk.config.ts:4:24)
    at Module._compile (node:internal/modules/cjs/loader:1830:14)
    at Module.newCompile2 (D:\CODES\Avotech-Regression-TestSuite\node_modules\playwright\lib\third_party\pirates.js:46:29)
    at Object.<anonymous> (node:internal/modules/cjs/loader:1961:10)
    at Object.newLoader2 [as .ts] (D:\CODES\Avotech-Regression-TestSuite\node_modules\playwright\lib\third_party\pirates.js:52:22)
    at Module.load (node:internal/modules/cjs/loader:1553:32)
    at Module._load (node:internal/modules/cjs/loader:1355:12)
    at wrapModuleLoad (node:internal/modules/cjs/loader:255:19)
    at Module.require (node:internal/modules/cjs/loader:1576:12)
    at require (node:internal/modules/helpers:153:16)
    at requireOrImport (D:\CODES\Avotech-Regression-TestSuite\node_modules\playwright\lib\transform\transform.js:218:18)
    at loadUserConfig (D:\CODES\Avotech-Regression-TestSuite\node_modules\playwright\lib\common\configLoader.js:107:89)
    at loadConfig (D:\CODES\Avotech-Regression-TestSuite\node_modules\playwright\lib\common\configLoader.js:119:28)
    at loadConfigFromFile (D:\CODES\Avotech-Regression-TestSuite\node_modules\playwright\lib\common\configLoader.js:331:10)
    at runTests (D:\CODES\Avotech-Regression-TestSuite\node_modules\playwright\lib\testActions.js:51:18)
    at i.<anonymous> (D:\CODES\Avotech-Regression-TestSuite\node_modules\playwright\lib\program.js:56:7) {
  code: 14,
  details: 'No connection established. Last error: Error: connect ECONNREFUSED 127.0.0.1:5400. Resolution note: ',
  metadata: Metadata {
    internalRepr: Map(0) {},
    opaqueData: Map(0) {},
    options: {}
  }
}
2026-04-28 11:26:57 - [31merror[39m: [BrowserstackCLI] Failed to start as child process: Error: 14 UNAVAILABLE: No connection established. Last error: Error: connect ECONNREFUSED 127.0.0.1:5400. Resolution note: 
    at callErrorFromStatus (D:\CODES\Avotech-Regression-TestSuite\node_modules\@grpc\grpc-js\src\call.ts:84:17)
    at Object.onReceiveStatus (D:\CODES\Avotech-Regression-TestSuite\node_modules\@grpc\grpc-js\src\client.ts:360:55)
    at Object.onReceiveStatus (D:\CODES\Avotech-Regression-TestSuite\node_modules\@grpc\grpc-js\src\client-interceptors.ts:466:34)
    at Object.onReceiveStatus (D:\CODES\Avotech-Regression-TestSuite\node_modules\@grpc\grpc-js\src\client-interceptors.ts:424:48)
    at D:\CODES\Avotech-Regression-TestSuite\node_modules\@grpc\grpc-js\src\resolving-call.ts:170:24
    at processTicksAndRejections (node:internal/process/task_queues:85:11)
for call at
    at ServiceClientImpl.makeUnaryRequest (D:\CODES\Avotech-Regression-TestSuite\node_modules\@grpc\grpc-js\src\client.ts:325:42)
    at ServiceClientImpl.connectBinSession (D:\CODES\Avotech-Regression-TestSuite\node_modules\@grpc\grpc-js\src\make-client.ts:189:15)
    at _0xcc7d46 (D:\CODES\Avotech-Regression-TestSuite\node_modules\browserstack-node-sdk\src\bin\v2\grpcClient.js:1:13224)
    at new Promise (<anonymous>)
    at GrpcClient.connectBinSession (D:\CODES\Avotech-Regression-TestSuite\node_modules\browserstack-node-sdk\src\bin\v2\grpcClient.js:1:13122)
    at BrowserstackCLI.startChild (D:\CODES\Avotech-Regression-TestSuite\node_modules\browserstack-node-sdk\src\bin\v2\browserstackCLI.js:1:20593)
    at BrowserstackCLI.bootstrap (D:\CODES\Avotech-Regression-TestSuite\node_modules\browserstack-node-sdk\src\bin\v2\browserstackCLI.js:1:7905)
    at Object._modifyPlaywright (D:\CODES\Avotech-Regression-TestSuite\node_modules\browserstack-node-sdk\src\bin\playwright\modifyPlaywrightConf.js:1:21681)
    at Object.<anonymous> (D:\CODES\Avotech-Regression-TestSuite\playwright-browserstack-sdk.config.ts:4:24)
    at Module._compile (node:internal/modules/cjs/loader:1830:14)
    at Module.newCompile2 (D:\CODES\Avotech-Regression-TestSuite\node_modules\playwright\lib\third_party\pirates.js:46:29)
    at Object.<anonymous> (node:internal/modules/cjs/loader:1961:10)
    at Object.newLoader2 [as .ts] (D:\CODES\Avotech-Regression-TestSuite\node_modules\playwright\lib\third_party\pirates.js:52:22)
    at Module.load (node:internal/modules/cjs/loader:1553:32)
    at Module._load (node:internal/modules/cjs/loader:1355:12)
    at wrapModuleLoad (node:internal/modules/cjs/loader:255:19)
    at Module.require (node:internal/modules/cjs/loader:1576:12)
    at require (node:internal/modules/helpers:153:16)
    at requireOrImport (D:\CODES\Avotech-Regression-TestSuite\node_modules\playwright\lib\transform\transform.js:218:18)
    at loadUserConfig (D:\CODES\Avotech-Regression-TestSuite\node_modules\playwright\lib\common\configLoader.js:107:89)
    at loadConfig (D:\CODES\Avotech-Regression-TestSuite\node_modules\playwright\lib\common\configLoader.js:119:28)
    at loadConfigFromFile (D:\CODES\Avotech-Regression-TestSuite\node_modules\playwright\lib\common\configLoader.js:331:10)
    at runTests (D:\CODES\Avotech-Regression-TestSuite\node_modules\playwright\lib\testActions.js:51:18)
    at i.<anonymous> (D:\CODES\Avotech-Regression-TestSuite\node_modules\playwright\lib\program.js:56:7) {
  code: 14,
  details: 'No connection established. Last error: Error: connect ECONNREFUSED 127.0.0.1:5400. Resolution note: ',
  metadata: Metadata {
    internalRepr: Map(0) {},
    opaqueData: Map(0) {},
    options: {}
  }
}
2026-04-28 11:26:57 - [32minfo[39m: Setting up TestInfo directory at D:\CODES\Avotech-Regression-TestSuite\log\.obs_test_details-35gnuhk5fznnigdubhcvjoh2bxzucowqpyzlptko
2026-04-28 11:27:00 - [32minfo[39m: [BrowserstackCLI] Starting as child process with session ID: 255711c5-3cc4-486a-b55c-fc8857853bed
2026-04-28 11:27:00 - [32minfo[39m: [GrpcClient] Connected to gRPC server at 127.0.0.1:5400
2026-04-28 11:27:00 - [32minfo[39m: [GrpcClient] Connecting bin session
2026-04-28 11:27:00 - [31merror[39m: [GrpcClient] ConnectBinSession error: 14 UNAVAILABLE: No connection established. Last error: Error: connect ECONNREFUSED 127.0.0.1:5400. Resolution note: 
2026-04-28 11:27:00 - [31merror[39m: [GrpcClient] Error in connectBinSession: Error: 14 UNAVAILABLE: No connection established. Last error: Error: connect ECONNREFUSED 127.0.0.1:5400. Resolution note: 
    at callErrorFromStatus (D:\CODES\Avotech-Regression-TestSuite\node_modules\@grpc\grpc-js\src\call.ts:84:17)
    at Object.onReceiveStatus (D:\CODES\Avotech-Regression-TestSuite\node_modules\@grpc\grpc-js\src\client.ts:360:55)
    at Object.onReceiveStatus (D:\CODES\Avotech-Regression-TestSuite\node_modules\@grpc\grpc-js\src\client-interceptors.ts:466:34)
    at Object.onReceiveStatus (D:\CODES\Avotech-Regression-TestSuite\node_modules\@grpc\grpc-js\src\client-interceptors.ts:424:48)
    at D:\CODES\Avotech-Regression-TestSuite\node_modules\@grpc\grpc-js\src\resolving-call.ts:170:24
    at processTicksAndRejections (node:internal/process/task_queues:85:11)
for call at
    at ServiceClientImpl.makeUnaryRequest (D:\CODES\Avotech-Regression-TestSuite\node_modules\@grpc\grpc-js\src\client.ts:325:42)
    at ServiceClientImpl.connectBinSession (D:\CODES\Avotech-Regression-TestSuite\node_modules\@grpc\grpc-js\src\make-client.ts:189:15)
    at _0xcc7d46 (D:\CODES\Avotech-Regression-TestSuite\node_modules\browserstack-node-sdk\src\bin\v2\grpcClient.js:1:13224)
    at new Promise (<anonymous>)
    at GrpcClient.connectBinSession (D:\CODES\Avotech-Regression-TestSuite\node_modules\browserstack-node-sdk\src\bin\v2\grpcClient.js:1:13122)
    at BrowserstackCLI.startChild (D:\CODES\Avotech-Regression-TestSuite\node_modules\browserstack-node-sdk\src\bin\v2\browserstackCLI.js:1:20593)
    at BrowserstackCLI.bootstrap (D:\CODES\Avotech-Regression-TestSuite\node_modules\browserstack-node-sdk\src\bin\v2\browserstackCLI.js:1:7905)
    at Object._modifyPlaywright (D:\CODES\Avotech-Regression-TestSuite\node_modules\browserstack-node-sdk\src\bin\playwright\modifyPlaywrightConf.js:1:21681)
    at Object.<anonymous> (D:\CODES\Avotech-Regression-TestSuite\playwright-browserstack-sdk.config.ts:4:24)
    at Module._compile (node:internal/modules/cjs/loader:1830:14)
    at Module.newCompile2 (D:\CODES\Avotech-Regression-TestSuite\node_modules\playwright\lib\third_party\pirates.js:46:29)
    at Object.<anonymous> (node:internal/modules/cjs/loader:1961:10)
    at Object.newLoader2 [as .ts] (D:\CODES\Avotech-Regression-TestSuite\node_modules\playwright\lib\third_party\pirates.js:52:22)
    at Module.load (node:internal/modules/cjs/loader:1553:32)
    at Module._load (node:internal/modules/cjs/loader:1355:12)
    at wrapModuleLoad (node:internal/modules/cjs/loader:255:19)
    at Module.require (node:internal/modules/cjs/loader:1576:12)
    at require (node:internal/modules/helpers:153:16)
    at requireOrImport (D:\CODES\Avotech-Regression-TestSuite\node_modules\playwright\lib\transform\transform.js:218:18)
    at loadUserConfig (D:\CODES\Avotech-Regression-TestSuite\node_modules\playwright\lib\common\configLoader.js:107:89)
    at loadConfig (D:\CODES\Avotech-Regression-TestSuite\node_modules\playwright\lib\common\configLoader.js:119:28)
    at deserializeConfig (D:\CODES\Avotech-Regression-TestSuite\node_modules\playwright\lib\common\configLoader.js:104:10)
    at WorkerMain._loadIfNeeded (D:\CODES\Avotech-Regression-TestSuite\node_modules\playwright\lib\worker\workerMain.js:165:20)
    at WorkerMain.runTestGroup (D:\CODES\Avotech-Regression-TestSuite\node_modules\playwright\lib\worker\workerMain.js:179:7)
    at process.<anonymous> (D:\CODES\Avotech-Regression-TestSuite\node_modules\playwright\lib\common\process.js:73:22) {
  code: 14,
  details: 'No connection established. Last error: Error: connect ECONNREFUSED 127.0.0.1:5400. Resolution note: ',
  metadata: Metadata {
    internalRepr: Map(0) {},
    opaqueData: Map(0) {},
    options: {}
  }
}
2026-04-28 11:27:00 - [31merror[39m: [BrowserstackCLI] Failed to start as child process: Error: 14 UNAVAILABLE: No connection established. Last error: Error: connect ECONNREFUSED 127.0.0.1:5400. Resolution note: 
    at callErrorFromStatus (D:\CODES\Avotech-Regression-TestSuite\node_modules\@grpc\grpc-js\src\call.ts:84:17)
    at Object.onReceiveStatus (D:\CODES\Avotech-Regression-TestSuite\node_modules\@grpc\grpc-js\src\client.ts:360:55)
    at Object.onReceiveStatus (D:\CODES\Avotech-Regression-TestSuite\node_modules\@grpc\grpc-js\src\client-interceptors.ts:466:34)
    at Object.onReceiveStatus (D:\CODES\Avotech-Regression-TestSuite\node_modules\@grpc\grpc-js\src\client-interceptors.ts:424:48)
    at D:\CODES\Avotech-Regression-TestSuite\node_modules\@grpc\grpc-js\src\resolving-call.ts:170:24
    at processTicksAndRejections (node:internal/process/task_queues:85:11)
for call at
    at ServiceClientImpl.makeUnaryRequest (D:\CODES\Avotech-Regression-TestSuite\node_modules\@grpc\grpc-js\src\client.ts:325:42)
    at ServiceClientImpl.connectBinSession (D:\CODES\Avotech-Regression-TestSuite\node_modules\@grpc\grpc-js\src\make-client.ts:189:15)
    at _0xcc7d46 (D:\CODES\Avotech-Regression-TestSuite\node_modules\browserstack-node-sdk\src\bin\v2\grpcClient.js:1:13224)
    at new Promise (<anonymous>)
    at GrpcClient.connectBinSession (D:\CODES\Avotech-Regression-TestSuite\node_modules\browserstack-node-sdk\src\bin\v2\grpcClient.js:1:13122)
    at BrowserstackCLI.startChild (D:\CODES\Avotech-Regression-TestSuite\node_modules\browserstack-node-sdk\src\bin\v2\browserstackCLI.js:1:20593)
    at BrowserstackCLI.bootstrap (D:\CODES\Avotech-Regression-TestSuite\node_modules\browserstack-node-sdk\src\bin\v2\browserstackCLI.js:1:7905)
    at Object._modifyPlaywright (D:\CODES\Avotech-Regression-TestSuite\node_modules\browserstack-node-sdk\src\bin\playwright\modifyPlaywrightConf.js:1:21681)
    at Object.<anonymous> (D:\CODES\Avotech-Regression-TestSuite\playwright-browserstack-sdk.config.ts:4:24)
    at Module._compile (node:internal/modules/cjs/loader:1830:14)
    at Module.newCompile2 (D:\CODES\Avotech-Regression-TestSuite\node_modules\playwright\lib\third_party\pirates.js:46:29)
    at Object.<anonymous> (node:internal/modules/cjs/loader:1961:10)
    at Object.newLoader2 [as .ts] (D:\CODES\Avotech-Regression-TestSuite\node_modules\playwright\lib\third_party\pirates.js:52:22)
    at Module.load (node:internal/modules/cjs/loader:1553:32)
    at Module._load (node:internal/modules/cjs/loader:1355:12)
    at wrapModuleLoad (node:internal/modules/cjs/loader:255:19)
    at Module.require (node:internal/modules/cjs/loader:1576:12)
    at require (node:internal/modules/helpers:153:16)
    at requireOrImport (D:\CODES\Avotech-Regression-TestSuite\node_modules\playwright\lib\transform\transform.js:218:18)
    at loadUserConfig (D:\CODES\Avotech-Regression-TestSuite\node_modules\playwright\lib\common\configLoader.js:107:89)
    at loadConfig (D:\CODES\Avotech-Regression-TestSuite\node_modules\playwright\lib\common\configLoader.js:119:28)
    at deserializeConfig (D:\CODES\Avotech-Regression-TestSuite\node_modules\playwright\lib\common\configLoader.js:104:10)
    at WorkerMain._loadIfNeeded (D:\CODES\Avotech-Regression-TestSuite\node_modules\playwright\lib\worker\workerMain.js:165:20)
    at WorkerMain.runTestGroup (D:\CODES\Avotech-Regression-TestSuite\node_modules\playwright\lib\worker\workerMain.js:179:7)
    at process.<anonymous> (D:\CODES\Avotech-Regression-TestSuite\node_modules\playwright\lib\common\process.js:73:22) {
  code: 14,
  details: 'No connection established. Last error: Error: connect ECONNREFUSED 127.0.0.1:5400. Resolution note: ',
  metadata: Metadata {
    internalRepr: Map(0) {},
    opaqueData: Map(0) {},
    options: {}
  }
}
2026-04-28 11:27:34 - [32minfo[39m: Automate test case execution has ended. Processing for accessibility testing is underway. 
2026-04-28 11:27:34 - [33mwarn[39m: Not a valid Accessibility Automation session for playwright-page, cannot perform scan with retry.
2026-04-28 11:27:34 - [33mwarn[39m: Not a valid Accessibility Automation session for playwright-page, cannot save accessibility results with retry.
2026-04-28 11:27:34 - [32minfo[39m: Accessibility testing for this test case has ended.
2026-04-28 11:27:35 - [32minfo[39m: [Accessibility] afterTestHook state: accessibilityPlatform=false, bstackA11yShouldScan=true
2026-04-28 11:27:39 - [32minfo[39m: [BrowserstackCLI] Starting as child process with session ID: 255711c5-3cc4-486a-b55c-fc8857853bed
2026-04-28 11:27:39 - [32minfo[39m: [GrpcClient] Connected to gRPC server at 127.0.0.1:5400
2026-04-28 11:27:39 - [32minfo[39m: [GrpcClient] Connecting bin session
2026-04-28 11:27:39 - [31merror[39m: [GrpcClient] ConnectBinSession error: 14 UNAVAILABLE: No connection established. Last error: Error: connect ECONNREFUSED 127.0.0.1:5400. Resolution note: 
2026-04-28 11:27:39 - [31merror[39m: [GrpcClient] Error in connectBinSession: Error: 14 UNAVAILABLE: No connection established. Last error: Error: connect ECONNREFUSED 127.0.0.1:5400. Resolution note: 
    at callErrorFromStatus (D:\CODES\Avotech-Regression-TestSuite\node_modules\@grpc\grpc-js\src\call.ts:84:17)
    at Object.onReceiveStatus (D:\CODES\Avotech-Regression-TestSuite\node_modules\@grpc\grpc-js\src\client.ts:360:55)
    at Object.onReceiveStatus (D:\CODES\Avotech-Regression-TestSuite\node_modules\@grpc\grpc-js\src\client-interceptors.ts:466:34)
    at Object.onReceiveStatus (D:\CODES\Avotech-Regression-TestSuite\node_modules\@grpc\grpc-js\src\client-interceptors.ts:424:48)
    at D:\CODES\Avotech-Regression-TestSuite\node_modules\@grpc\grpc-js\src\resolving-call.ts:170:24
    at processTicksAndRejections (node:internal/process/task_queues:85:11)
for call at
    at ServiceClientImpl.makeUnaryRequest (D:\CODES\Avotech-Regression-TestSuite\node_modules\@grpc\grpc-js\src\client.ts:325:42)
    at ServiceClientImpl.connectBinSession (D:\CODES\Avotech-Regression-TestSuite\node_modules\@grpc\grpc-js\src\make-client.ts:189:15)
    at _0xcc7d46 (D:\CODES\Avotech-Regression-TestSuite\node_modules\browserstack-node-sdk\src\bin\v2\grpcClient.js:1:13224)
    at new Promise (<anonymous>)
    at GrpcClient.connectBinSession (D:\CODES\Avotech-Regression-TestSuite\node_modules\browserstack-node-sdk\src\bin\v2\grpcClient.js:1:13122)
    at BrowserstackCLI.startChild (D:\CODES\Avotech-Regression-TestSuite\node_modules\browserstack-node-sdk\src\bin\v2\browserstackCLI.js:1:20593)
    at BrowserstackCLI.bootstrap (D:\CODES\Avotech-Regression-TestSuite\node_modules\browserstack-node-sdk\src\bin\v2\browserstackCLI.js:1:7905)
    at Object._modifyPlaywright (D:\CODES\Avotech-Regression-TestSuite\node_modules\browserstack-node-sdk\src\bin\playwright\modifyPlaywrightConf.js:1:21681)
    at Object.<anonymous> (D:\CODES\Avotech-Regression-TestSuite\playwright-browserstack-sdk.config.ts:4:24)
    at Module._compile (node:internal/modules/cjs/loader:1830:14)
    at Module.newCompile2 (D:\CODES\Avotech-Regression-TestSuite\node_modules\playwright\lib\third_party\pirates.js:46:29)
    at Object.<anonymous> (node:internal/modules/cjs/loader:1961:10)
    at Object.newLoader2 [as .ts] (D:\CODES\Avotech-Regression-TestSuite\node_modules\playwright\lib\third_party\pirates.js:52:22)
    at Module.load (node:internal/modules/cjs/loader:1553:32)
    at Module._load (node:internal/modules/cjs/loader:1355:12)
    at wrapModuleLoad (node:internal/modules/cjs/loader:255:19)
    at Module.require (node:internal/modules/cjs/loader:1576:12)
    at require (node:internal/modules/helpers:153:16)
    at requireOrImport (D:\CODES\Avotech-Regression-TestSuite\node_modules\playwright\lib\transform\transform.js:218:18)
    at loadUserConfig (D:\CODES\Avotech-Regression-TestSuite\node_modules\playwright\lib\common\configLoader.js:107:89)
    at loadConfig (D:\CODES\Avotech-Regression-TestSuite\node_modules\playwright\lib\common\configLoader.js:119:28)
    at deserializeConfig (D:\CODES\Avotech-Regression-TestSuite\node_modules\playwright\lib\common\configLoader.js:104:10)
    at WorkerMain._loadIfNeeded (D:\CODES\Avotech-Regression-TestSuite\node_modules\playwright\lib\worker\workerMain.js:165:20)
    at WorkerMain.runTestGroup (D:\CODES\Avotech-Regression-TestSuite\node_modules\playwright\lib\worker\workerMain.js:179:7)
    at process.<anonymous> (D:\CODES\Avotech-Regression-TestSuite\node_modules\playwright\lib\common\process.js:73:22) {
  code: 14,
  details: 'No connection established. Last error: Error: connect ECONNREFUSED 127.0.0.1:5400. Resolution note: ',
  metadata: Metadata {
    internalRepr: Map(0) {},
    opaqueData: Map(0) {},
    options: {}
  }
}
2026-04-28 11:27:39 - [31merror[39m: [BrowserstackCLI] Failed to start as child process: Error: 14 UNAVAILABLE: No connection established. Last error: Error: connect ECONNREFUSED 127.0.0.1:5400. Resolution note: 
    at callErrorFromStatus (D:\CODES\Avotech-Regression-TestSuite\node_modules\@grpc\grpc-js\src\call.ts:84:17)
    at Object.onReceiveStatus (D:\CODES\Avotech-Regression-TestSuite\node_modules\@grpc\grpc-js\src\client.ts:360:55)
    at Object.onReceiveStatus (D:\CODES\Avotech-Regression-TestSuite\node_modules\@grpc\grpc-js\src\client-interceptors.ts:466:34)
    at Object.onReceiveStatus (D:\CODES\Avotech-Regression-TestSuite\node_modules\@grpc\grpc-js\src\client-interceptors.ts:424:48)
    at D:\CODES\Avotech-Regression-TestSuite\node_modules\@grpc\grpc-js\src\resolving-call.ts:170:24
    at processTicksAndRejections (node:internal/process/task_queues:85:11)
for call at
    at ServiceClientImpl.makeUnaryRequest (D:\CODES\Avotech-Regression-TestSuite\node_modules\@grpc\grpc-js\src\client.ts:325:42)
    at ServiceClientImpl.connectBinSession (D:\CODES\Avotech-Regression-TestSuite\node_modules\@grpc\grpc-js\src\make-client.ts:189:15)
    at _0xcc7d46 (D:\CODES\Avotech-Regression-TestSuite\node_modules\browserstack-node-sdk\src\bin\v2\grpcClient.js:1:13224)
    at new Promise (<anonymous>)
    at GrpcClient.connectBinSession (D:\CODES\Avotech-Regression-TestSuite\node_modules\browserstack-node-sdk\src\bin\v2\grpcClient.js:1:13122)
    at BrowserstackCLI.startChild (D:\CODES\Avotech-Regression-TestSuite\node_modules\browserstack-node-sdk\src\bin\v2\browserstackCLI.js:1:20593)
    at BrowserstackCLI.bootstrap (D:\CODES\Avotech-Regression-TestSuite\node_modules\browserstack-node-sdk\src\bin\v2\browserstackCLI.js:1:7905)
    at Object._modifyPlaywright (D:\CODES\Avotech-Regression-TestSuite\node_modules\browserstack-node-sdk\src\bin\playwright\modifyPlaywrightConf.js:1:21681)
    at Object.<anonymous> (D:\CODES\Avotech-Regression-TestSuite\playwright-browserstack-sdk.config.ts:4:24)
    at Module._compile (node:internal/modules/cjs/loader:1830:14)
    at Module.newCompile2 (D:\CODES\Avotech-Regression-TestSuite\node_modules\playwright\lib\third_party\pirates.js:46:29)
    at Object.<anonymous> (node:internal/modules/cjs/loader:1961:10)
    at Object.newLoader2 [as .ts] (D:\CODES\Avotech-Regression-TestSuite\node_modules\playwright\lib\third_party\pirates.js:52:22)
    at Module.load (node:internal/modules/cjs/loader:1553:32)
    at Module._load (node:internal/modules/cjs/loader:1355:12)
    at wrapModuleLoad (node:internal/modules/cjs/loader:255:19)
    at Module.require (node:internal/modules/cjs/loader:1576:12)
    at require (node:internal/modules/helpers:153:16)
    at requireOrImport (D:\CODES\Avotech-Regression-TestSuite\node_modules\playwright\lib\transform\transform.js:218:18)
    at loadUserConfig (D:\CODES\Avotech-Regression-TestSuite\node_modules\playwright\lib\common\configLoader.js:107:89)
    at loadConfig (D:\CODES\Avotech-Regression-TestSuite\node_modules\playwright\lib\common\configLoader.js:119:28)
    at deserializeConfig (D:\CODES\Avotech-Regression-TestSuite\node_modules\playwright\lib\common\configLoader.js:104:10)
    at WorkerMain._loadIfNeeded (D:\CODES\Avotech-Regression-TestSuite\node_modules\playwright\lib\worker\workerMain.js:165:20)
    at WorkerMain.runTestGroup (D:\CODES\Avotech-Regression-TestSuite\node_modules\playwright\lib\worker\workerMain.js:179:7)
    at process.<anonymous> (D:\CODES\Avotech-Regression-TestSuite\node_modules\playwright\lib\common\process.js:73:22) {
  code: 14,
  details: 'No connection established. Last error: Error: connect ECONNREFUSED 127.0.0.1:5400. Resolution note: ',
  metadata: Metadata {
    internalRepr: Map(0) {},
    opaqueData: Map(0) {},
    options: {}
  }
}
2026-04-28 11:28:30 - [32minfo[39m: Automate test case execution has ended. Processing for accessibility testing is underway. 
2026-04-28 11:28:30 - [33mwarn[39m: Not a valid Accessibility Automation session for playwright-page, cannot perform scan with retry.
2026-04-28 11:28:30 - [33mwarn[39m: Not a valid Accessibility Automation session for playwright-page, cannot save accessibility results with retry.
2026-04-28 11:28:30 - [32minfo[39m: Accessibility testing for this test case has ended.
2026-04-28 11:28:32 - [32minfo[39m: [Accessibility] afterTestHook state: accessibilityPlatform=false, bstackA11yShouldScan=true
2026-04-28 11:28:36 - [32minfo[39m: [BrowserstackCLI] Starting as child process with session ID: 255711c5-3cc4-486a-b55c-fc8857853bed
2026-04-28 11:28:36 - [32minfo[39m: [GrpcClient] Connected to gRPC server at 127.0.0.1:5400
2026-04-28 11:28:36 - [32minfo[39m: [GrpcClient] Connecting bin session
2026-04-28 11:28:36 - [31merror[39m: [GrpcClient] ConnectBinSession error: 14 UNAVAILABLE: No connection established. Last error: Error: connect ECONNREFUSED 127.0.0.1:5400. Resolution note: 
2026-04-28 11:28:36 - [31merror[39m: [GrpcClient] Error in connectBinSession: Error: 14 UNAVAILABLE: No connection established. Last error: Error: connect ECONNREFUSED 127.0.0.1:5400. Resolution note: 
    at callErrorFromStatus (D:\CODES\Avotech-Regression-TestSuite\node_modules\@grpc\grpc-js\src\call.ts:84:17)
    at Object.onReceiveStatus (D:\CODES\Avotech-Regression-TestSuite\node_modules\@grpc\grpc-js\src\client.ts:360:55)
    at Object.onReceiveStatus (D:\CODES\Avotech-Regression-TestSuite\node_modules\@grpc\grpc-js\src\client-interceptors.ts:466:34)
    at Object.onReceiveStatus (D:\CODES\Avotech-Regression-TestSuite\node_modules\@grpc\grpc-js\src\client-interceptors.ts:424:48)
    at D:\CODES\Avotech-Regression-TestSuite\node_modules\@grpc\grpc-js\src\resolving-call.ts:170:24
    at processTicksAndRejections (node:internal/process/task_queues:85:11)
for call at
    at ServiceClientImpl.makeUnaryRequest (D:\CODES\Avotech-Regression-TestSuite\node_modules\@grpc\grpc-js\src\client.ts:325:42)
    at ServiceClientImpl.connectBinSession (D:\CODES\Avotech-Regression-TestSuite\node_modules\@grpc\grpc-js\src\make-client.ts:189:15)
    at _0xcc7d46 (D:\CODES\Avotech-Regression-TestSuite\node_modules\browserstack-node-sdk\src\bin\v2\grpcClient.js:1:13224)
    at new Promise (<anonymous>)
    at GrpcClient.connectBinSession (D:\CODES\Avotech-Regression-TestSuite\node_modules\browserstack-node-sdk\src\bin\v2\grpcClient.js:1:13122)
    at BrowserstackCLI.startChild (D:\CODES\Avotech-Regression-TestSuite\node_modules\browserstack-node-sdk\src\bin\v2\browserstackCLI.js:1:20593)
    at BrowserstackCLI.bootstrap (D:\CODES\Avotech-Regression-TestSuite\node_modules\browserstack-node-sdk\src\bin\v2\browserstackCLI.js:1:7905)
    at Object._modifyPlaywright (D:\CODES\Avotech-Regression-TestSuite\node_modules\browserstack-node-sdk\src\bin\playwright\modifyPlaywrightConf.js:1:21681)
    at Object.<anonymous> (D:\CODES\Avotech-Regression-TestSuite\playwright-browserstack-sdk.config.ts:4:24)
    at Module._compile (node:internal/modules/cjs/loader:1830:14)
    at Module.newCompile2 (D:\CODES\Avotech-Regression-TestSuite\node_modules\playwright\lib\third_party\pirates.js:46:29)
    at Object.<anonymous> (node:internal/modules/cjs/loader:1961:10)
    at Object.newLoader2 [as .ts] (D:\CODES\Avotech-Regression-TestSuite\node_modules\playwright\lib\third_party\pirates.js:52:22)
    at Module.load (node:internal/modules/cjs/loader:1553:32)
    at Module._load (node:internal/modules/cjs/loader:1355:12)
    at wrapModuleLoad (node:internal/modules/cjs/loader:255:19)
    at Module.require (node:internal/modules/cjs/loader:1576:12)
    at require (node:internal/modules/helpers:153:16)
    at requireOrImport (D:\CODES\Avotech-Regression-TestSuite\node_modules\playwright\lib\transform\transform.js:218:18)
    at loadUserConfig (D:\CODES\Avotech-Regression-TestSuite\node_modules\playwright\lib\common\configLoader.js:107:89)
    at loadConfig (D:\CODES\Avotech-Regression-TestSuite\node_modules\playwright\lib\common\configLoader.js:119:28)
    at deserializeConfig (D:\CODES\Avotech-Regression-TestSuite\node_modules\playwright\lib\common\configLoader.js:104:10)
    at WorkerMain._loadIfNeeded (D:\CODES\Avotech-Regression-TestSuite\node_modules\playwright\lib\worker\workerMain.js:165:20)
    at WorkerMain.runTestGroup (D:\CODES\Avotech-Regression-TestSuite\node_modules\playwright\lib\worker\workerMain.js:179:7)
    at process.<anonymous> (D:\CODES\Avotech-Regression-TestSuite\node_modules\playwright\lib\common\process.js:73:22) {
  code: 14,
  details: 'No connection established. Last error: Error: connect ECONNREFUSED 127.0.0.1:5400. Resolution note: ',
  metadata: Metadata {
    internalRepr: Map(0) {},
    opaqueData: Map(0) {},
    options: {}
  }
}
2026-04-28 11:28:36 - [31merror[39m: [BrowserstackCLI] Failed to start as child process: Error: 14 UNAVAILABLE: No connection established. Last error: Error: connect ECONNREFUSED 127.0.0.1:5400. Resolution note: 
    at callErrorFromStatus (D:\CODES\Avotech-Regression-TestSuite\node_modules\@grpc\grpc-js\src\call.ts:84:17)
    at Object.onReceiveStatus (D:\CODES\Avotech-Regression-TestSuite\node_modules\@grpc\grpc-js\src\client.ts:360:55)
    at Object.onReceiveStatus (D:\CODES\Avotech-Regression-TestSuite\node_modules\@grpc\grpc-js\src\client-interceptors.ts:466:34)
    at Object.onReceiveStatus (D:\CODES\Avotech-Regression-TestSuite\node_modules\@grpc\grpc-js\src\client-interceptors.ts:424:48)
    at D:\CODES\Avotech-Regression-TestSuite\node_modules\@grpc\grpc-js\src\resolving-call.ts:170:24
    at processTicksAndRejections (node:internal/process/task_queues:85:11)
for call at
    at ServiceClientImpl.makeUnaryRequest (D:\CODES\Avotech-Regression-TestSuite\node_modules\@grpc\grpc-js\src\client.ts:325:42)
    at ServiceClientImpl.connectBinSession (D:\CODES\Avotech-Regression-TestSuite\node_modules\@grpc\grpc-js\src\make-client.ts:189:15)
    at _0xcc7d46 (D:\CODES\Avotech-Regression-TestSuite\node_modules\browserstack-node-sdk\src\bin\v2\grpcClient.js:1:13224)
    at new Promise (<anonymous>)
    at GrpcClient.connectBinSession (D:\CODES\Avotech-Regression-TestSuite\node_modules\browserstack-node-sdk\src\bin\v2\grpcClient.js:1:13122)
    at BrowserstackCLI.startChild (D:\CODES\Avotech-Regression-TestSuite\node_modules\browserstack-node-sdk\src\bin\v2\browserstackCLI.js:1:20593)
    at BrowserstackCLI.bootstrap (D:\CODES\Avotech-Regression-TestSuite\node_modules\browserstack-node-sdk\src\bin\v2\browserstackCLI.js:1:7905)
    at Object._modifyPlaywright (D:\CODES\Avotech-Regression-TestSuite\node_modules\browserstack-node-sdk\src\bin\playwright\modifyPlaywrightConf.js:1:21681)
    at Object.<anonymous> (D:\CODES\Avotech-Regression-TestSuite\playwright-browserstack-sdk.config.ts:4:24)
    at Module._compile (node:internal/modules/cjs/loader:1830:14)
    at Module.newCompile2 (D:\CODES\Avotech-Regression-TestSuite\node_modules\playwright\lib\third_party\pirates.js:46:29)
    at Object.<anonymous> (node:internal/modules/cjs/loader:1961:10)
    at Object.newLoader2 [as .ts] (D:\CODES\Avotech-Regression-TestSuite\node_modules\playwright\lib\third_party\pirates.js:52:22)
    at Module.load (node:internal/modules/cjs/loader:1553:32)
    at Module._load (node:internal/modules/cjs/loader:1355:12)
    at wrapModuleLoad (node:internal/modules/cjs/loader:255:19)
    at Module.require (node:internal/modules/cjs/loader:1576:12)
    at require (node:internal/modules/helpers:153:16)
    at requireOrImport (D:\CODES\Avotech-Regression-TestSuite\node_modules\playwright\lib\transform\transform.js:218:18)
    at loadUserConfig (D:\CODES\Avotech-Regression-TestSuite\node_modules\playwright\lib\common\configLoader.js:107:89)
    at loadConfig (D:\CODES\Avotech-Regression-TestSuite\node_modules\playwright\lib\common\configLoader.js:119:28)
    at deserializeConfig (D:\CODES\Avotech-Regression-TestSuite\node_modules\playwright\lib\common\configLoader.js:104:10)
    at WorkerMain._loadIfNeeded (D:\CODES\Avotech-Regression-TestSuite\node_modules\playwright\lib\worker\workerMain.js:165:20)
    at WorkerMain.runTestGroup (D:\CODES\Avotech-Regression-TestSuite\node_modules\playwright\lib\worker\workerMain.js:179:7)
    at process.<anonymous> (D:\CODES\Avotech-Regression-TestSuite\node_modules\playwright\lib\common\process.js:73:22) {
  code: 14,
  details: 'No connection established. Last error: Error: connect ECONNREFUSED 127.0.0.1:5400. Resolution note: ',
  metadata: Metadata {
    internalRepr: Map(0) {},
    opaqueData: Map(0) {},
    options: {}
  }
}
2026-04-28 11:30:01 - [32minfo[39m: Automate test case execution has ended. Processing for accessibility testing is underway. 
2026-04-28 11:30:01 - [33mwarn[39m: Not a valid Accessibility Automation session for playwright-page, cannot perform scan with retry.
2026-04-28 11:30:01 - [33mwarn[39m: Not a valid Accessibility Automation session for playwright-page, cannot save accessibility results with retry.
2026-04-28 11:30:01 - [32minfo[39m: Accessibility testing for this test case has ended.
2026-04-28 11:30:02 - [32minfo[39m: [Accessibility] afterTestHook state: accessibilityPlatform=false, bstackA11yShouldScan=true
2026-04-28 11:31:15 - [32minfo[39m: Shutdown triggered by SIGINT
2026-04-28 11:31:15 - [32minfo[39m: Shutdown triggered by SIGINT
2026-04-28 11:31:15 - [31merror[39m: [ClientTroubleShootingService] Process Interruption details not found: {}
2026-04-28 11:31:15 - [31merror[39m: [ClientTroubleShootingService] Process Interruption details not found: {}
2026-04-28 11:31:17 - [32minfo[39m: [BrowserstackCLI] stop: CLI is not running, skipping stop
2026-04-28 11:31:17 - [32minfo[39m: [BrowserstackCLI] stop: CLI is not running, skipping stop
2026-04-28 11:31:22 - [32minfo[39m: [BrowserstackCLI] stop: CLI is not running, skipping stop
2026-04-28 11:31:22 - [32minfo[39m: [BrowserstackCLI] stop: CLI is not running, skipping stop
2026-04-28 11:31:22 - [32minfo[39m: Visit https://automation.browserstack.com/builds/35gnuhk5fznnigdubhcvjoh2bxzucowqpyzlptko to view build report, insights, and many more debugging information all at one place!

2026-04-28 11:31:23 - [32minfo[39m: View build on BrowserStack dashboard: https://automate.browserstack.com/dashboard/v2/builds/8dfd73cf7497484c060c11667e895ba56877e37d
2026-04-28 11:31:23 - [32minfo[39m: SDK run ended for id: 84593223-f59f-4471-91b1-57538a2b055b, testhub id: 35gnuhk5fznnigdubhcvjoh2bxzucowqpyzlptko
2026-04-28 11:31:23 - [32minfo[39m: SDK run ended for id: 84593223-f59f-4471-91b1-57538a2b055b, testhub id: 35gnuhk5fznnigdubhcvjoh2bxzucowqpyzlptko
2026-04-28 11:31:36 - [32minfo[39m: Deleting D:\CODES\Avotech-Regression-TestSuite\playwright-browserstack-sdk.config.ts
2026-04-28 11:31:36 - [32minfo[39m: Deleting D:\CODES\Avotech-Regression-TestSuite\playwright-browserstack-sdk.config.ts
2026-04-28 11:31:36 - [32minfo[39m: Local binary stopped
2026-04-28 11:31:36 - [32minfo[39m: Local binary stopped
2026-04-28 11:31:36 - [32minfo[39m: [BrowserstackCLI] stop: CLI is not running, skipping stop
2026-04-28 11:31:36 - [32minfo[39m: [BrowserstackCLI] stop: CLI is not running, skipping stop
2026-04-28 11:31:52 - [32minfo[39m: Reading configs from D:\CODES\Avotech-Regression-TestSuite\browserstack.yaml
2026-04-28 11:31:52 - [32minfo[39m: Log Directory has been set to D:\CODES\Avotech-Regression-TestSuite\log
2026-04-28 11:31:52 - [32minfo[39m: Log Directory has been set to D:\CODES\Avotech-Regression-TestSuite\log
2026-04-28 11:31:52 - [32minfo[39m: Running SDK with args C:\Program Files\nodejs\node.exe D:\CODES\Avotech-Regression-TestSuite\node_modules\browserstack-node-sdk\src\bin\runner.js playwright test
2026-04-28 11:31:52 - [32minfo[39m: SDK run started with id: 41b33ea7-6239-40ee-9a65-fd9ddbd85011
2026-04-28 11:31:52 - [32minfo[39m: Project and debug logs are captured by default. To disable, set disableAutoCaptureLogs: true in config.
2026-04-28 11:32:10 - [32minfo[39m: Local binary started successfully
2026-04-28 11:31:52 - [32minfo[39m: Running SDK with args C:\Program Files\nodejs\node.exe D:\CODES\Avotech-Regression-TestSuite\node_modules\browserstack-node-sdk\src\bin\runner.js playwright test
2026-04-28 11:31:52 - [32minfo[39m: SDK run started with id: 41b33ea7-6239-40ee-9a65-fd9ddbd85011
2026-04-28 11:31:52 - [32minfo[39m: Project and debug logs are captured by default. To disable, set disableAutoCaptureLogs: true in config.
2026-04-28 11:32:10 - [32minfo[39m: Local binary started successfully
2026-04-28 11:32:13 - [32minfo[39m: [BrowserstackCLI] startMain: Starting main process
2026-04-28 11:32:13 - [32minfo[39m: [BrowserstackCLI] startMain: Starting main process
2026-04-28 11:32:13 - [32minfo[39m: [CLIUtils] Current CLI Path Found: C:\Users\giver\.browserstack\cli\binary-win-x64.exe
2026-04-28 11:32:13 - [32minfo[39m: [CLIUtils] Current CLI Path Found: C:\Users\giver\.browserstack\cli\binary-win-x64.exe
2026-04-28 11:32:15 - [32minfo[39m: [BrowserstackCLI] spawning command='C:\Users\giver\.browserstack\cli\binary-win-x64.exe,sdk'
2026-04-28 11:32:15 - [32minfo[39m: [BrowserstackCLI] spawning command='C:\Users\giver\.browserstack\cli\binary-win-x64.exe,sdk'
2026-04-28 11:32:16 - [32minfo[39m: [BrowserstackCLI] CLI params loaded: {"id":"7c026df2-20b0-40e2-b76b-04e10f87927c","listen":"127.0.0.1:5400","port":"5400"}
2026-04-28 11:32:16 - [32minfo[39m: [BrowserstackCLI] CLI params loaded: {"id":"7c026df2-20b0-40e2-b76b-04e10f87927c","listen":"127.0.0.1:5400","port":"5400"}
2026-04-28 11:32:16 - [32minfo[39m: [GrpcClient] Connected to gRPC server at 127.0.0.1:5400
2026-04-28 11:32:16 - [32minfo[39m: [GrpcClient] Initialized gRPC client with bin session id: 7c026df2-20b0-40e2-b76b-04e10f87927c and listen address: 127.0.0.1:5400
2026-04-28 11:32:16 - [32minfo[39m: [GrpcClient] startBinSession: Calling startBinSession
2026-04-28 11:32:16 - [32minfo[39m: [GrpcClient] Connected to gRPC server at 127.0.0.1:5400
2026-04-28 11:32:16 - [32minfo[39m: [GrpcClient] setCliArgs: cliArgs=["playwright","test"], parsedConfig=[]
2026-04-28 11:32:16 - [32minfo[39m: [GrpcClient] Initialized gRPC client with bin session id: 7c026df2-20b0-40e2-b76b-04e10f87927c and listen address: 127.0.0.1:5400
2026-04-28 11:32:16 - [32minfo[39m: [GrpcClient] startBinSession: Calling startBinSession
2026-04-28 11:32:16 - [32minfo[39m: [GrpcClient] setCliArgs: cliArgs=["playwright","test"], parsedConfig=[]
2026-04-28 11:32:20 - [31merror[39m: [BrowserstackCLI] CLI stderr: Exiting with code 1 due to uncaught exception [Error: EBUSY: resource busy or locked, open 'C:\Users\giver\.browserstack\BrowserStackLocal.exe'] {
  errno: -4082,
  code: 'EBUSY',
  syscall: 'open',
  path: 'C:\\Users\\giver\\.browserstack\\BrowserStackLocal.exe'
}
2026-04-28 11:32:20 - [31merror[39m: [BrowserstackCLI] CLI stderr: Exiting with code 1 due to uncaught exception [Error: EBUSY: resource busy or locked, open 'C:\Users\giver\.browserstack\BrowserStackLocal.exe'] {
  errno: -4082,
  code: 'EBUSY',
  syscall: 'open',
  path: 'C:\\Users\\giver\\.browserstack\\BrowserStackLocal.exe'
}
2026-04-28 11:32:21 - [31merror[39m: [GrpcClient] StartBinSession error: 14 UNAVAILABLE: read ECONNRESET
2026-04-28 11:32:21 - [31merror[39m: [GrpcClient] StartBinSession error: 14 UNAVAILABLE: read ECONNRESET
2026-04-28 11:32:21 - [31merror[39m: [BrowserstackCLI] bootstrap: failed to bootstrap=Error: 14 UNAVAILABLE: read ECONNRESET
    at callErrorFromStatus (D:\CODES\Avotech-Regression-TestSuite\node_modules\@grpc\grpc-js\build\src\call.js:32:19)
    at Object.onReceiveStatus (D:\CODES\Avotech-Regression-TestSuite\node_modules\@grpc\grpc-js\build\src\client.js:193:76)
    at Object.onReceiveStatus (D:\CODES\Avotech-Regression-TestSuite\node_modules\@grpc\grpc-js\build\src\client-interceptors.js:367:141)
    at Object.onReceiveStatus (D:\CODES\Avotech-Regression-TestSuite\node_modules\@grpc\grpc-js\build\src\client-interceptors.js:327:181)
    at D:\CODES\Avotech-Regression-TestSuite\node_modules\@grpc\grpc-js\build\src\resolving-call.js:135:78
    at process.processTicksAndRejections (node:internal/process/task_queues:85:11)
for call at
    at ServiceClientImpl.makeUnaryRequest (D:\CODES\Avotech-Regression-TestSuite\node_modules\@grpc\grpc-js\build\src\client.js:161:32)
    at ServiceClientImpl.startBinSession (D:\CODES\Avotech-Regression-TestSuite\node_modules\@grpc\grpc-js\build\src\make-client.js:105:19)
    at D:\CODES\Avotech-Regression-TestSuite\node_modules\browserstack-node-sdk\src\bin\v2\grpcClient.js:1:11720
    at new Promise (<anonymous>)
    at GrpcClient.startBinSession (D:\CODES\Avotech-Regression-TestSuite\node_modules\browserstack-node-sdk\src\bin\v2\grpcClient.js:1:11618)
    at BrowserstackCLI.startMain (D:\CODES\Avotech-Regression-TestSuite\node_modules\browserstack-node-sdk\src\bin\v2\browserstackCLI.js:1:8713)
    at process.processTicksAndRejections (node:internal/process/task_queues:104:5)
    at async BrowserstackCLI.bootstrap (D:\CODES\Avotech-Regression-TestSuite\node_modules\browserstack-node-sdk\src\bin\v2\browserstackCLI.js:1:7997)
    at async D:\CODES\Avotech-Regression-TestSuite\node_modules\browserstack-node-sdk\src\bin\playwright\command.js:2:13334
2026-04-28 11:32:21 - [32minfo[39m: [BrowserstackCLI] stop: CLI is not running, skipping stop
2026-04-28 11:32:21 - [31merror[39m: [BrowserstackCLI] bootstrap: failed to bootstrap=Error: 14 UNAVAILABLE: read ECONNRESET
    at callErrorFromStatus (D:\CODES\Avotech-Regression-TestSuite\node_modules\@grpc\grpc-js\build\src\call.js:32:19)
    at Object.onReceiveStatus (D:\CODES\Avotech-Regression-TestSuite\node_modules\@grpc\grpc-js\build\src\client.js:193:76)
    at Object.onReceiveStatus (D:\CODES\Avotech-Regression-TestSuite\node_modules\@grpc\grpc-js\build\src\client-interceptors.js:367:141)
    at Object.onReceiveStatus (D:\CODES\Avotech-Regression-TestSuite\node_modules\@grpc\grpc-js\build\src\client-interceptors.js:327:181)
    at D:\CODES\Avotech-Regression-TestSuite\node_modules\@grpc\grpc-js\build\src\resolving-call.js:135:78
    at process.processTicksAndRejections (node:internal/process/task_queues:85:11)
for call at
    at ServiceClientImpl.makeUnaryRequest (D:\CODES\Avotech-Regression-TestSuite\node_modules\@grpc\grpc-js\build\src\client.js:161:32)
    at ServiceClientImpl.startBinSession (D:\CODES\Avotech-Regression-TestSuite\node_modules\@grpc\grpc-js\build\src\make-client.js:105:19)
    at D:\CODES\Avotech-Regression-TestSuite\node_modules\browserstack-node-sdk\src\bin\v2\grpcClient.js:1:11720
    at new Promise (<anonymous>)
    at GrpcClient.startBinSession (D:\CODES\Avotech-Regression-TestSuite\node_modules\browserstack-node-sdk\src\bin\v2\grpcClient.js:1:11618)
    at BrowserstackCLI.startMain (D:\CODES\Avotech-Regression-TestSuite\node_modules\browserstack-node-sdk\src\bin\v2\browserstackCLI.js:1:8713)
    at process.processTicksAndRejections (node:internal/process/task_queues:104:5)
    at async BrowserstackCLI.bootstrap (D:\CODES\Avotech-Regression-TestSuite\node_modules\browserstack-node-sdk\src\bin\v2\browserstackCLI.js:1:7997)
    at async D:\CODES\Avotech-Regression-TestSuite\node_modules\browserstack-node-sdk\src\bin\playwright\command.js:2:13334
2026-04-28 11:32:21 - [32minfo[39m: [BrowserstackCLI] stop: CLI is not running, skipping stop
2026-04-28 11:32:23 - [31merror[39m: ACCESSIBILITY Build creation failed
2026-04-28 11:32:23 - [31merror[39m: ACCESSIBILITY Build creation failed
2026-04-28 11:32:23 - [32minfo[39m: Testhub started with id: atm864cwptlv1mqgu53fdbhsq0kltun9ar4kfqrl
2026-04-28 11:32:23 - [32minfo[39m: Testhub started with id: atm864cwptlv1mqgu53fdbhsq0kltun9ar4kfqrl
2026-04-28 11:32:26 - [32minfo[39m: [BrowserstackCLI] Starting as child process with session ID: 7c026df2-20b0-40e2-b76b-04e10f87927c
2026-04-28 11:32:26 - [32minfo[39m: [GrpcClient] Connected to gRPC server at 127.0.0.1:5400
2026-04-28 11:32:26 - [32minfo[39m: [GrpcClient] Connecting bin session
2026-04-28 11:32:26 - [31merror[39m: [GrpcClient] ConnectBinSession error: 14 UNAVAILABLE: No connection established. Last error: Error: connect ECONNREFUSED 127.0.0.1:5400. Resolution note: 
2026-04-28 11:32:26 - [31merror[39m: [GrpcClient] Error in connectBinSession: Error: 14 UNAVAILABLE: No connection established. Last error: Error: connect ECONNREFUSED 127.0.0.1:5400. Resolution note: 
    at callErrorFromStatus (D:\CODES\Avotech-Regression-TestSuite\node_modules\@grpc\grpc-js\src\call.ts:84:17)
    at Object.onReceiveStatus (D:\CODES\Avotech-Regression-TestSuite\node_modules\@grpc\grpc-js\src\client.ts:360:55)
    at Object.onReceiveStatus (D:\CODES\Avotech-Regression-TestSuite\node_modules\@grpc\grpc-js\src\client-interceptors.ts:466:34)
    at Object.onReceiveStatus (D:\CODES\Avotech-Regression-TestSuite\node_modules\@grpc\grpc-js\src\client-interceptors.ts:424:48)
    at D:\CODES\Avotech-Regression-TestSuite\node_modules\@grpc\grpc-js\src\resolving-call.ts:170:24
    at processTicksAndRejections (node:internal/process/task_queues:85:11)
for call at
    at ServiceClientImpl.makeUnaryRequest (D:\CODES\Avotech-Regression-TestSuite\node_modules\@grpc\grpc-js\src\client.ts:325:42)
    at ServiceClientImpl.connectBinSession (D:\CODES\Avotech-Regression-TestSuite\node_modules\@grpc\grpc-js\src\make-client.ts:189:15)
    at _0xcc7d46 (D:\CODES\Avotech-Regression-TestSuite\node_modules\browserstack-node-sdk\src\bin\v2\grpcClient.js:1:13224)
    at new Promise (<anonymous>)
    at GrpcClient.connectBinSession (D:\CODES\Avotech-Regression-TestSuite\node_modules\browserstack-node-sdk\src\bin\v2\grpcClient.js:1:13122)
    at BrowserstackCLI.startChild (D:\CODES\Avotech-Regression-TestSuite\node_modules\browserstack-node-sdk\src\bin\v2\browserstackCLI.js:1:20593)
    at BrowserstackCLI.bootstrap (D:\CODES\Avotech-Regression-TestSuite\node_modules\browserstack-node-sdk\src\bin\v2\browserstackCLI.js:1:7905)
    at Object._modifyPlaywright (D:\CODES\Avotech-Regression-TestSuite\node_modules\browserstack-node-sdk\src\bin\playwright\modifyPlaywrightConf.js:1:21681)
    at Object.<anonymous> (D:\CODES\Avotech-Regression-TestSuite\playwright-browserstack-sdk.config.ts:4:24)
    at Module._compile (node:internal/modules/cjs/loader:1830:14)
    at Module.newCompile2 (D:\CODES\Avotech-Regression-TestSuite\node_modules\playwright\lib\third_party\pirates.js:46:29)
    at Object.<anonymous> (node:internal/modules/cjs/loader:1961:10)
    at Object.newLoader2 [as .ts] (D:\CODES\Avotech-Regression-TestSuite\node_modules\playwright\lib\third_party\pirates.js:52:22)
    at Module.load (node:internal/modules/cjs/loader:1553:32)
    at Module._load (node:internal/modules/cjs/loader:1355:12)
    at wrapModuleLoad (node:internal/modules/cjs/loader:255:19)
    at Module.require (node:internal/modules/cjs/loader:1576:12)
    at require (node:internal/modules/helpers:153:16)
    at requireOrImport (D:\CODES\Avotech-Regression-TestSuite\node_modules\playwright\lib\transform\transform.js:218:18)
    at loadUserConfig (D:\CODES\Avotech-Regression-TestSuite\node_modules\playwright\lib\common\configLoader.js:107:89)
    at loadConfig (D:\CODES\Avotech-Regression-TestSuite\node_modules\playwright\lib\common\configLoader.js:119:28)
    at loadConfigFromFile (D:\CODES\Avotech-Regression-TestSuite\node_modules\playwright\lib\common\configLoader.js:331:10)
    at runTests (D:\CODES\Avotech-Regression-TestSuite\node_modules\playwright\lib\testActions.js:51:18)
    at i.<anonymous> (D:\CODES\Avotech-Regression-TestSuite\node_modules\playwright\lib\program.js:56:7) {
  code: 14,
  details: 'No connection established. Last error: Error: connect ECONNREFUSED 127.0.0.1:5400. Resolution note: ',
  metadata: Metadata {
    internalRepr: Map(0) {},
    opaqueData: Map(0) {},
    options: {}
  }
}
2026-04-28 11:32:26 - [31merror[39m: [BrowserstackCLI] Failed to start as child process: Error: 14 UNAVAILABLE: No connection established. Last error: Error: connect ECONNREFUSED 127.0.0.1:5400. Resolution note: 
    at callErrorFromStatus (D:\CODES\Avotech-Regression-TestSuite\node_modules\@grpc\grpc-js\src\call.ts:84:17)
    at Object.onReceiveStatus (D:\CODES\Avotech-Regression-TestSuite\node_modules\@grpc\grpc-js\src\client.ts:360:55)
    at Object.onReceiveStatus (D:\CODES\Avotech-Regression-TestSuite\node_modules\@grpc\grpc-js\src\client-interceptors.ts:466:34)
    at Object.onReceiveStatus (D:\CODES\Avotech-Regression-TestSuite\node_modules\@grpc\grpc-js\src\client-interceptors.ts:424:48)
    at D:\CODES\Avotech-Regression-TestSuite\node_modules\@grpc\grpc-js\src\resolving-call.ts:170:24
    at processTicksAndRejections (node:internal/process/task_queues:85:11)
for call at
    at ServiceClientImpl.makeUnaryRequest (D:\CODES\Avotech-Regression-TestSuite\node_modules\@grpc\grpc-js\src\client.ts:325:42)
    at ServiceClientImpl.connectBinSession (D:\CODES\Avotech-Regression-TestSuite\node_modules\@grpc\grpc-js\src\make-client.ts:189:15)
    at _0xcc7d46 (D:\CODES\Avotech-Regression-TestSuite\node_modules\browserstack-node-sdk\src\bin\v2\grpcClient.js:1:13224)
    at new Promise (<anonymous>)
    at GrpcClient.connectBinSession (D:\CODES\Avotech-Regression-TestSuite\node_modules\browserstack-node-sdk\src\bin\v2\grpcClient.js:1:13122)
    at BrowserstackCLI.startChild (D:\CODES\Avotech-Regression-TestSuite\node_modules\browserstack-node-sdk\src\bin\v2\browserstackCLI.js:1:20593)
    at BrowserstackCLI.bootstrap (D:\CODES\Avotech-Regression-TestSuite\node_modules\browserstack-node-sdk\src\bin\v2\browserstackCLI.js:1:7905)
    at Object._modifyPlaywright (D:\CODES\Avotech-Regression-TestSuite\node_modules\browserstack-node-sdk\src\bin\playwright\modifyPlaywrightConf.js:1:21681)
    at Object.<anonymous> (D:\CODES\Avotech-Regression-TestSuite\playwright-browserstack-sdk.config.ts:4:24)
    at Module._compile (node:internal/modules/cjs/loader:1830:14)
    at Module.newCompile2 (D:\CODES\Avotech-Regression-TestSuite\node_modules\playwright\lib\third_party\pirates.js:46:29)
    at Object.<anonymous> (node:internal/modules/cjs/loader:1961:10)
    at Object.newLoader2 [as .ts] (D:\CODES\Avotech-Regression-TestSuite\node_modules\playwright\lib\third_party\pirates.js:52:22)
    at Module.load (node:internal/modules/cjs/loader:1553:32)
    at Module._load (node:internal/modules/cjs/loader:1355:12)
    at wrapModuleLoad (node:internal/modules/cjs/loader:255:19)
    at Module.require (node:internal/modules/cjs/loader:1576:12)
    at require (node:internal/modules/helpers:153:16)
    at requireOrImport (D:\CODES\Avotech-Regression-TestSuite\node_modules\playwright\lib\transform\transform.js:218:18)
    at loadUserConfig (D:\CODES\Avotech-Regression-TestSuite\node_modules\playwright\lib\common\configLoader.js:107:89)
    at loadConfig (D:\CODES\Avotech-Regression-TestSuite\node_modules\playwright\lib\common\configLoader.js:119:28)
    at loadConfigFromFile (D:\CODES\Avotech-Regression-TestSuite\node_modules\playwright\lib\common\configLoader.js:331:10)
    at runTests (D:\CODES\Avotech-Regression-TestSuite\node_modules\playwright\lib\testActions.js:51:18)
    at i.<anonymous> (D:\CODES\Avotech-Regression-TestSuite\node_modules\playwright\lib\program.js:56:7) {
  code: 14,
  details: 'No connection established. Last error: Error: connect ECONNREFUSED 127.0.0.1:5400. Resolution note: ',
  metadata: Metadata {
    internalRepr: Map(0) {},
    opaqueData: Map(0) {},
    options: {}
  }
}
2026-04-28 11:32:27 - [32minfo[39m: Setting up TestInfo directory at D:\CODES\Avotech-Regression-TestSuite\log\.obs_test_details-atm864cwptlv1mqgu53fdbhsq0kltun9ar4kfqrl
2026-04-28 11:32:29 - [32minfo[39m: [BrowserstackCLI] Starting as child process with session ID: 7c026df2-20b0-40e2-b76b-04e10f87927c
2026-04-28 11:32:29 - [32minfo[39m: [GrpcClient] Connected to gRPC server at 127.0.0.1:5400
2026-04-28 11:32:29 - [32minfo[39m: [GrpcClient] Connecting bin session
2026-04-28 11:32:29 - [31merror[39m: [GrpcClient] ConnectBinSession error: 14 UNAVAILABLE: No connection established. Last error: Error: connect ECONNREFUSED 127.0.0.1:5400. Resolution note: 
2026-04-28 11:32:29 - [31merror[39m: [GrpcClient] Error in connectBinSession: Error: 14 UNAVAILABLE: No connection established. Last error: Error: connect ECONNREFUSED 127.0.0.1:5400. Resolution note: 
    at callErrorFromStatus (D:\CODES\Avotech-Regression-TestSuite\node_modules\@grpc\grpc-js\src\call.ts:84:17)
    at Object.onReceiveStatus (D:\CODES\Avotech-Regression-TestSuite\node_modules\@grpc\grpc-js\src\client.ts:360:55)
    at Object.onReceiveStatus (D:\CODES\Avotech-Regression-TestSuite\node_modules\@grpc\grpc-js\src\client-interceptors.ts:466:34)
    at Object.onReceiveStatus (D:\CODES\Avotech-Regression-TestSuite\node_modules\@grpc\grpc-js\src\client-interceptors.ts:424:48)
    at D:\CODES\Avotech-Regression-TestSuite\node_modules\@grpc\grpc-js\src\resolving-call.ts:170:24
    at processTicksAndRejections (node:internal/process/task_queues:85:11)
for call at
    at ServiceClientImpl.makeUnaryRequest (D:\CODES\Avotech-Regression-TestSuite\node_modules\@grpc\grpc-js\src\client.ts:325:42)
    at ServiceClientImpl.connectBinSession (D:\CODES\Avotech-Regression-TestSuite\node_modules\@grpc\grpc-js\src\make-client.ts:189:15)
    at _0xcc7d46 (D:\CODES\Avotech-Regression-TestSuite\node_modules\browserstack-node-sdk\src\bin\v2\grpcClient.js:1:13224)
    at new Promise (<anonymous>)
    at GrpcClient.connectBinSession (D:\CODES\Avotech-Regression-TestSuite\node_modules\browserstack-node-sdk\src\bin\v2\grpcClient.js:1:13122)
    at BrowserstackCLI.startChild (D:\CODES\Avotech-Regression-TestSuite\node_modules\browserstack-node-sdk\src\bin\v2\browserstackCLI.js:1:20593)
    at BrowserstackCLI.bootstrap (D:\CODES\Avotech-Regression-TestSuite\node_modules\browserstack-node-sdk\src\bin\v2\browserstackCLI.js:1:7905)
    at Object._modifyPlaywright (D:\CODES\Avotech-Regression-TestSuite\node_modules\browserstack-node-sdk\src\bin\playwright\modifyPlaywrightConf.js:1:21681)
    at Object.<anonymous> (D:\CODES\Avotech-Regression-TestSuite\playwright-browserstack-sdk.config.ts:4:24)
    at Module._compile (node:internal/modules/cjs/loader:1830:14)
    at Module.newCompile2 (D:\CODES\Avotech-Regression-TestSuite\node_modules\playwright\lib\third_party\pirates.js:46:29)
    at Object.<anonymous> (node:internal/modules/cjs/loader:1961:10)
    at Object.newLoader2 [as .ts] (D:\CODES\Avotech-Regression-TestSuite\node_modules\playwright\lib\third_party\pirates.js:52:22)
    at Module.load (node:internal/modules/cjs/loader:1553:32)
    at Module._load (node:internal/modules/cjs/loader:1355:12)
    at wrapModuleLoad (node:internal/modules/cjs/loader:255:19)
    at Module.require (node:internal/modules/cjs/loader:1576:12)
    at require (node:internal/modules/helpers:153:16)
    at requireOrImport (D:\CODES\Avotech-Regression-TestSuite\node_modules\playwright\lib\transform\transform.js:218:18)
    at loadUserConfig (D:\CODES\Avotech-Regression-TestSuite\node_modules\playwright\lib\common\configLoader.js:107:89)
    at loadConfig (D:\CODES\Avotech-Regression-TestSuite\node_modules\playwright\lib\common\configLoader.js:119:28)
    at deserializeConfig (D:\CODES\Avotech-Regression-TestSuite\node_modules\playwright\lib\common\configLoader.js:104:10)
    at WorkerMain._loadIfNeeded (D:\CODES\Avotech-Regression-TestSuite\node_modules\playwright\lib\worker\workerMain.js:165:20)
    at WorkerMain.runTestGroup (D:\CODES\Avotech-Regression-TestSuite\node_modules\playwright\lib\worker\workerMain.js:179:7)
    at process.<anonymous> (D:\CODES\Avotech-Regression-TestSuite\node_modules\playwright\lib\common\process.js:73:22) {
  code: 14,
  details: 'No connection established. Last error: Error: connect ECONNREFUSED 127.0.0.1:5400. Resolution note: ',
  metadata: Metadata {
    internalRepr: Map(0) {},
    opaqueData: Map(0) {},
    options: {}
  }
}
2026-04-28 11:32:29 - [31merror[39m: [BrowserstackCLI] Failed to start as child process: Error: 14 UNAVAILABLE: No connection established. Last error: Error: connect ECONNREFUSED 127.0.0.1:5400. Resolution note: 
    at callErrorFromStatus (D:\CODES\Avotech-Regression-TestSuite\node_modules\@grpc\grpc-js\src\call.ts:84:17)
    at Object.onReceiveStatus (D:\CODES\Avotech-Regression-TestSuite\node_modules\@grpc\grpc-js\src\client.ts:360:55)
    at Object.onReceiveStatus (D:\CODES\Avotech-Regression-TestSuite\node_modules\@grpc\grpc-js\src\client-interceptors.ts:466:34)
    at Object.onReceiveStatus (D:\CODES\Avotech-Regression-TestSuite\node_modules\@grpc\grpc-js\src\client-interceptors.ts:424:48)
    at D:\CODES\Avotech-Regression-TestSuite\node_modules\@grpc\grpc-js\src\resolving-call.ts:170:24
    at processTicksAndRejections (node:internal/process/task_queues:85:11)
for call at
    at ServiceClientImpl.makeUnaryRequest (D:\CODES\Avotech-Regression-TestSuite\node_modules\@grpc\grpc-js\src\client.ts:325:42)
    at ServiceClientImpl.connectBinSession (D:\CODES\Avotech-Regression-TestSuite\node_modules\@grpc\grpc-js\src\make-client.ts:189:15)
    at _0xcc7d46 (D:\CODES\Avotech-Regression-TestSuite\node_modules\browserstack-node-sdk\src\bin\v2\grpcClient.js:1:13224)
    at new Promise (<anonymous>)
    at GrpcClient.connectBinSession (D:\CODES\Avotech-Regression-TestSuite\node_modules\browserstack-node-sdk\src\bin\v2\grpcClient.js:1:13122)
    at BrowserstackCLI.startChild (D:\CODES\Avotech-Regression-TestSuite\node_modules\browserstack-node-sdk\src\bin\v2\browserstackCLI.js:1:20593)
    at BrowserstackCLI.bootstrap (D:\CODES\Avotech-Regression-TestSuite\node_modules\browserstack-node-sdk\src\bin\v2\browserstackCLI.js:1:7905)
    at Object._modifyPlaywright (D:\CODES\Avotech-Regression-TestSuite\node_modules\browserstack-node-sdk\src\bin\playwright\modifyPlaywrightConf.js:1:21681)
    at Object.<anonymous> (D:\CODES\Avotech-Regression-TestSuite\playwright-browserstack-sdk.config.ts:4:24)
    at Module._compile (node:internal/modules/cjs/loader:1830:14)
    at Module.newCompile2 (D:\CODES\Avotech-Regression-TestSuite\node_modules\playwright\lib\third_party\pirates.js:46:29)
    at Object.<anonymous> (node:internal/modules/cjs/loader:1961:10)
    at Object.newLoader2 [as .ts] (D:\CODES\Avotech-Regression-TestSuite\node_modules\playwright\lib\third_party\pirates.js:52:22)
    at Module.load (node:internal/modules/cjs/loader:1553:32)
    at Module._load (node:internal/modules/cjs/loader:1355:12)
    at wrapModuleLoad (node:internal/modules/cjs/loader:255:19)
    at Module.require (node:internal/modules/cjs/loader:1576:12)
    at require (node:internal/modules/helpers:153:16)
    at requireOrImport (D:\CODES\Avotech-Regression-TestSuite\node_modules\playwright\lib\transform\transform.js:218:18)
    at loadUserConfig (D:\CODES\Avotech-Regression-TestSuite\node_modules\playwright\lib\common\configLoader.js:107:89)
    at loadConfig (D:\CODES\Avotech-Regression-TestSuite\node_modules\playwright\lib\common\configLoader.js:119:28)
    at deserializeConfig (D:\CODES\Avotech-Regression-TestSuite\node_modules\playwright\lib\common\configLoader.js:104:10)
    at WorkerMain._loadIfNeeded (D:\CODES\Avotech-Regression-TestSuite\node_modules\playwright\lib\worker\workerMain.js:165:20)
    at WorkerMain.runTestGroup (D:\CODES\Avotech-Regression-TestSuite\node_modules\playwright\lib\worker\workerMain.js:179:7)
    at process.<anonymous> (D:\CODES\Avotech-Regression-TestSuite\node_modules\playwright\lib\common\process.js:73:22) {
  code: 14,
  details: 'No connection established. Last error: Error: connect ECONNREFUSED 127.0.0.1:5400. Resolution note: ',
  metadata: Metadata {
    internalRepr: Map(0) {},
    opaqueData: Map(0) {},
    options: {}
  }
}
2026-04-28 11:32:54 - [32minfo[39m: Automate test case execution has ended. Processing for accessibility testing is underway. 
2026-04-28 11:32:54 - [33mwarn[39m: Not a valid Accessibility Automation session for playwright-page, cannot perform scan with retry.
2026-04-28 11:32:54 - [33mwarn[39m: Not a valid Accessibility Automation session for playwright-page, cannot save accessibility results with retry.
2026-04-28 11:32:54 - [32minfo[39m: Accessibility testing for this test case has ended.
2026-04-28 11:32:55 - [32minfo[39m: [Accessibility] afterTestHook state: accessibilityPlatform=false, bstackA11yShouldScan=true
2026-04-28 11:32:59 - [32minfo[39m: [BrowserstackCLI] Starting as child process with session ID: 7c026df2-20b0-40e2-b76b-04e10f87927c
2026-04-28 11:32:59 - [32minfo[39m: [GrpcClient] Connected to gRPC server at 127.0.0.1:5400
2026-04-28 11:32:59 - [32minfo[39m: [GrpcClient] Connecting bin session
2026-04-28 11:32:59 - [31merror[39m: [GrpcClient] ConnectBinSession error: 14 UNAVAILABLE: No connection established. Last error: Error: connect ECONNREFUSED 127.0.0.1:5400. Resolution note: 
2026-04-28 11:32:59 - [31merror[39m: [GrpcClient] Error in connectBinSession: Error: 14 UNAVAILABLE: No connection established. Last error: Error: connect ECONNREFUSED 127.0.0.1:5400. Resolution note: 
    at callErrorFromStatus (D:\CODES\Avotech-Regression-TestSuite\node_modules\@grpc\grpc-js\src\call.ts:84:17)
    at Object.onReceiveStatus (D:\CODES\Avotech-Regression-TestSuite\node_modules\@grpc\grpc-js\src\client.ts:360:55)
    at Object.onReceiveStatus (D:\CODES\Avotech-Regression-TestSuite\node_modules\@grpc\grpc-js\src\client-interceptors.ts:466:34)
    at Object.onReceiveStatus (D:\CODES\Avotech-Regression-TestSuite\node_modules\@grpc\grpc-js\src\client-interceptors.ts:424:48)
    at D:\CODES\Avotech-Regression-TestSuite\node_modules\@grpc\grpc-js\src\resolving-call.ts:170:24
    at processTicksAndRejections (node:internal/process/task_queues:85:11)
for call at
    at ServiceClientImpl.makeUnaryRequest (D:\CODES\Avotech-Regression-TestSuite\node_modules\@grpc\grpc-js\src\client.ts:325:42)
    at ServiceClientImpl.connectBinSession (D:\CODES\Avotech-Regression-TestSuite\node_modules\@grpc\grpc-js\src\make-client.ts:189:15)
    at _0xcc7d46 (D:\CODES\Avotech-Regression-TestSuite\node_modules\browserstack-node-sdk\src\bin\v2\grpcClient.js:1:13224)
    at new Promise (<anonymous>)
    at GrpcClient.connectBinSession (D:\CODES\Avotech-Regression-TestSuite\node_modules\browserstack-node-sdk\src\bin\v2\grpcClient.js:1:13122)
    at BrowserstackCLI.startChild (D:\CODES\Avotech-Regression-TestSuite\node_modules\browserstack-node-sdk\src\bin\v2\browserstackCLI.js:1:20593)
    at BrowserstackCLI.bootstrap (D:\CODES\Avotech-Regression-TestSuite\node_modules\browserstack-node-sdk\src\bin\v2\browserstackCLI.js:1:7905)
    at Object._modifyPlaywright (D:\CODES\Avotech-Regression-TestSuite\node_modules\browserstack-node-sdk\src\bin\playwright\modifyPlaywrightConf.js:1:21681)
    at Object.<anonymous> (D:\CODES\Avotech-Regression-TestSuite\playwright-browserstack-sdk.config.ts:4:24)
    at Module._compile (node:internal/modules/cjs/loader:1830:14)
    at Module.newCompile2 (D:\CODES\Avotech-Regression-TestSuite\node_modules\playwright\lib\third_party\pirates.js:46:29)
    at Object.<anonymous> (node:internal/modules/cjs/loader:1961:10)
    at Object.newLoader2 [as .ts] (D:\CODES\Avotech-Regression-TestSuite\node_modules\playwright\lib\third_party\pirates.js:52:22)
    at Module.load (node:internal/modules/cjs/loader:1553:32)
    at Module._load (node:internal/modules/cjs/loader:1355:12)
    at wrapModuleLoad (node:internal/modules/cjs/loader:255:19)
    at Module.require (node:internal/modules/cjs/loader:1576:12)
    at require (node:internal/modules/helpers:153:16)
    at requireOrImport (D:\CODES\Avotech-Regression-TestSuite\node_modules\playwright\lib\transform\transform.js:218:18)
    at loadUserConfig (D:\CODES\Avotech-Regression-TestSuite\node_modules\playwright\lib\common\configLoader.js:107:89)
    at loadConfig (D:\CODES\Avotech-Regression-TestSuite\node_modules\playwright\lib\common\configLoader.js:119:28)
    at deserializeConfig (D:\CODES\Avotech-Regression-TestSuite\node_modules\playwright\lib\common\configLoader.js:104:10)
    at WorkerMain._loadIfNeeded (D:\CODES\Avotech-Regression-TestSuite\node_modules\playwright\lib\worker\workerMain.js:165:20)
    at WorkerMain.runTestGroup (D:\CODES\Avotech-Regression-TestSuite\node_modules\playwright\lib\worker\workerMain.js:179:7)
    at process.<anonymous> (D:\CODES\Avotech-Regression-TestSuite\node_modules\playwright\lib\common\process.js:73:22) {
  code: 14,
  details: 'No connection established. Last error: Error: connect ECONNREFUSED 127.0.0.1:5400. Resolution note: ',
  metadata: Metadata {
    internalRepr: Map(0) {},
    opaqueData: Map(0) {},
    options: {}
  }
}
2026-04-28 11:32:59 - [31merror[39m: [BrowserstackCLI] Failed to start as child process: Error: 14 UNAVAILABLE: No connection established. Last error: Error: connect ECONNREFUSED 127.0.0.1:5400. Resolution note: 
    at callErrorFromStatus (D:\CODES\Avotech-Regression-TestSuite\node_modules\@grpc\grpc-js\src\call.ts:84:17)
    at Object.onReceiveStatus (D:\CODES\Avotech-Regression-TestSuite\node_modules\@grpc\grpc-js\src\client.ts:360:55)
    at Object.onReceiveStatus (D:\CODES\Avotech-Regression-TestSuite\node_modules\@grpc\grpc-js\src\client-interceptors.ts:466:34)
    at Object.onReceiveStatus (D:\CODES\Avotech-Regression-TestSuite\node_modules\@grpc\grpc-js\src\client-interceptors.ts:424:48)
    at D:\CODES\Avotech-Regression-TestSuite\node_modules\@grpc\grpc-js\src\resolving-call.ts:170:24
    at processTicksAndRejections (node:internal/process/task_queues:85:11)
for call at
    at ServiceClientImpl.makeUnaryRequest (D:\CODES\Avotech-Regression-TestSuite\node_modules\@grpc\grpc-js\src\client.ts:325:42)
    at ServiceClientImpl.connectBinSession (D:\CODES\Avotech-Regression-TestSuite\node_modules\@grpc\grpc-js\src\make-client.ts:189:15)
    at _0xcc7d46 (D:\CODES\Avotech-Regression-TestSuite\node_modules\browserstack-node-sdk\src\bin\v2\grpcClient.js:1:13224)
    at new Promise (<anonymous>)
    at GrpcClient.connectBinSession (D:\CODES\Avotech-Regression-TestSuite\node_modules\browserstack-node-sdk\src\bin\v2\grpcClient.js:1:13122)
    at BrowserstackCLI.startChild (D:\CODES\Avotech-Regression-TestSuite\node_modules\browserstack-node-sdk\src\bin\v2\browserstackCLI.js:1:20593)
    at BrowserstackCLI.bootstrap (D:\CODES\Avotech-Regression-TestSuite\node_modules\browserstack-node-sdk\src\bin\v2\browserstackCLI.js:1:7905)
    at Object._modifyPlaywright (D:\CODES\Avotech-Regression-TestSuite\node_modules\browserstack-node-sdk\src\bin\playwright\modifyPlaywrightConf.js:1:21681)
    at Object.<anonymous> (D:\CODES\Avotech-Regression-TestSuite\playwright-browserstack-sdk.config.ts:4:24)
    at Module._compile (node:internal/modules/cjs/loader:1830:14)
    at Module.newCompile2 (D:\CODES\Avotech-Regression-TestSuite\node_modules\playwright\lib\third_party\pirates.js:46:29)
    at Object.<anonymous> (node:internal/modules/cjs/loader:1961:10)
    at Object.newLoader2 [as .ts] (D:\CODES\Avotech-Regression-TestSuite\node_modules\playwright\lib\third_party\pirates.js:52:22)
    at Module.load (node:internal/modules/cjs/loader:1553:32)
    at Module._load (node:internal/modules/cjs/loader:1355:12)
    at wrapModuleLoad (node:internal/modules/cjs/loader:255:19)
    at Module.require (node:internal/modules/cjs/loader:1576:12)
    at require (node:internal/modules/helpers:153:16)
    at requireOrImport (D:\CODES\Avotech-Regression-TestSuite\node_modules\playwright\lib\transform\transform.js:218:18)
    at loadUserConfig (D:\CODES\Avotech-Regression-TestSuite\node_modules\playwright\lib\common\configLoader.js:107:89)
    at loadConfig (D:\CODES\Avotech-Regression-TestSuite\node_modules\playwright\lib\common\configLoader.js:119:28)
    at deserializeConfig (D:\CODES\Avotech-Regression-TestSuite\node_modules\playwright\lib\common\configLoader.js:104:10)
    at WorkerMain._loadIfNeeded (D:\CODES\Avotech-Regression-TestSuite\node_modules\playwright\lib\worker\workerMain.js:165:20)
    at WorkerMain.runTestGroup (D:\CODES\Avotech-Regression-TestSuite\node_modules\playwright\lib\worker\workerMain.js:179:7)
    at process.<anonymous> (D:\CODES\Avotech-Regression-TestSuite\node_modules\playwright\lib\common\process.js:73:22) {
  code: 14,
  details: 'No connection established. Last error: Error: connect ECONNREFUSED 127.0.0.1:5400. Resolution note: ',
  metadata: Metadata {
    internalRepr: Map(0) {},
    opaqueData: Map(0) {},
    options: {}
  }
}
2026-04-28 11:33:56 - [32minfo[39m: Automate test case execution has ended. Processing for accessibility testing is underway. 
2026-04-28 11:33:56 - [33mwarn[39m: Not a valid Accessibility Automation session for playwright-page, cannot perform scan with retry.
2026-04-28 11:33:56 - [33mwarn[39m: Not a valid Accessibility Automation session for playwright-page, cannot save accessibility results with retry.
2026-04-28 11:33:56 - [32minfo[39m: Accessibility testing for this test case has ended.
2026-04-28 11:33:56 - [32minfo[39m: [Accessibility] afterTestHook state: accessibilityPlatform=false, bstackA11yShouldScan=true
2026-04-28 11:34:25 - [32minfo[39m: Automate test case execution has ended. Processing for accessibility testing is underway. 
2026-04-28 11:34:25 - [33mwarn[39m: Not a valid Accessibility Automation session for playwright-page, cannot perform scan with retry.
2026-04-28 11:34:25 - [33mwarn[39m: Not a valid Accessibility Automation session for playwright-page, cannot save accessibility results with retry.
2026-04-28 11:34:25 - [32minfo[39m: Accessibility testing for this test case has ended.
2026-04-28 11:34:26 - [32minfo[39m: [Accessibility] afterTestHook state: accessibilityPlatform=false, bstackA11yShouldScan=true
